#-----------------------------------------------------------
# Vivado v2018.2 (64-bit)
# SW Build 2258646 on Thu Jun 14 20:03:12 MDT 2018
# IP Build 2256618 on Thu Jun 14 22:10:49 MDT 2018
# Start of session at: Sun Jan 24 17:24:58 2021
# Process ID: 1412
# Current directory: C:/Users/kibii/OneDrive/Studienkolleg/Vivado/AD_Converter
# Command line: vivado.exe -gui_launcher_event rodinguilauncherevent13360 C:\Users\kibii\OneDrive\Studienkolleg\Vivado\AD_Converter\AD_Converter.xpr
# Log file: C:/Users/kibii/OneDrive/Studienkolleg/Vivado/AD_Converter/vivado.log
# Journal file: C:/Users/kibii/OneDrive/Studienkolleg/Vivado/AD_Converter\vivado.jou
#-----------------------------------------------------------
start_gui
open_project C:/Users/kibii/OneDrive/Studienkolleg/Vivado/AD_Converter/AD_Converter.xpr
Scanning sources...
Finished scanning sources
INFO: [IP_Flow 19-234] Refreshing IP repositories
INFO: [IP_Flow 19-1704] No user IP repositories specified
INFO: [IP_Flow 19-2313] Loaded Vivado IP repository 'C:/Xilinx/Vivado/2018.2/data/ip'.
open_project: Time (s): cpu = 00:00:23 ; elapsed = 00:00:18 . Memory (MB): peak = 870.605 ; gain = 120.812
update_compile_order -fileset sources_1
ipx::open_ipxact_file {C:\Users\kibii\OneDrive\Studienkolleg\Vivado\AD_Converter\AD_Converter.srcs\sources_1\new\component.xml}
WARNING: [IP_Flow 19-5226] Project source file 'c:/Users/kibii/OneDrive/Studienkolleg/Vivado/AD_Converter/AD_Converter.srcs/sources_1/new/component.xml' ignored by IP packager.
WARNING: [IP_Flow 19-4308] Project file 'c:/Users/kibii/OneDrive/Studienkolleg/Vivado/AD_Converter/AD_Converter.srcs/sources_1/new/my_AD_Converter.v' is not found in the component files. It will be added automatically when merging sources and repackaging. Please remove the file from the source project if this is not desired.
WARNING: [IP_Flow 19-3898] File Group 'xilinx_anylanguagesynthesis (Synthesis)': File 'c:/Users/kibii/OneDrive/Studienkolleg/Vivado/AD_Converter/AD_Converter.srcs/sources_1/new/my_AD_Converter.v' is not found in the project sources. It will be removed from the packaged IP when the sources are merged. If still required, please add this file to the project and re-package.
WARNING: [IP_Flow 19-4308] Project file 'c:/Users/kibii/OneDrive/Studienkolleg/Vivado/AD_Converter/AD_Converter.srcs/sources_1/new/my_AD_Converter.v' is not found in the component files. It will be added automatically when merging sources and repackaging. Please remove the file from the source project if this is not desired.
WARNING: [IP_Flow 19-3898] File Group 'xilinx_anylanguagebehavioralsimulation (Simulation)': File 'c:/Users/kibii/OneDrive/Studienkolleg/Vivado/AD_Converter/AD_Converter.srcs/sources_1/new/my_AD_Converter.v' is not found in the project sources. It will be removed from the packaged IP when the sources are merged. If still required, please add this file to the project and re-package.
ipx::open_ipxact_file: Time (s): cpu = 00:00:10 ; elapsed = 00:00:05 . Memory (MB): peak = 899.586 ; gain = 9.137
ipx::unload_core c:/Users/kibii/OneDrive/Studienkolleg/Vivado/AD_Converter/AD_Converter.srcs/sources_1/new/component.xml
exit
INFO: [Common 17-206] Exiting Vivado at Sun Jan 24 17:33:30 2021...
