
*** Running vivado
    with args -log my_AD_DA_Exp_my_Vector_Length_Mod_0_0.vds -m64 -product Vivado -mode batch -messageDb vivado.pb -notrace -source my_AD_DA_Exp_my_Vector_Length_Mod_0_0.tcl


****** Vivado v2018.2 (64-bit)
  **** SW Build 2258646 on Thu Jun 14 20:03:12 MDT 2018
  **** IP Build 2256618 on Thu Jun 14 22:10:49 MDT 2018
    ** Copyright 1986-2018 Xilinx, Inc. All Rights Reserved.

source my_AD_DA_Exp_my_Vector_Length_Mod_0_0.tcl -notrace
Command: synth_design -top my_AD_DA_Exp_my_Vector_Length_Mod_0_0 -part xc7z010clg400-1 -mode out_of_context
Starting synth_design
Attempting to get a license for feature 'Synthesis' and/or device 'xc7z010'
INFO: [Common 17-349] Got license for feature 'Synthesis' and/or device 'xc7z010'
INFO: Launching helper process for spawning children vivado processes
INFO: Helper process launched with PID 14988 
---------------------------------------------------------------------------------
Starting RTL Elaboration : Time (s): cpu = 00:00:04 ; elapsed = 00:00:05 . Memory (MB): peak = 385.734 ; gain = 98.477
---------------------------------------------------------------------------------
INFO: [Synth 8-6157] synthesizing module 'my_AD_DA_Exp_my_Vector_Length_Mod_0_0' [c:/Users/kibii/OneDrive/Studienkolleg/Vivado/AD_DA_Exp/AD_DA_Exp.srcs/sources_1/bd/my_AD_DA_Exp/ip/my_AD_DA_Exp_my_Vector_Length_Mod_0_0/synth/my_AD_DA_Exp_my_Vector_Length_Mod_0_0.v:58]
INFO: [Synth 8-6157] synthesizing module 'my_Vector_Length_Mod' [c:/Users/kibii/OneDrive/Users/kibii/OneDrive/Studienkolleg/Vivado/Vector_Length_Mod/Vector_Length_Mod.srcs/sources_1/new/my_Vector_Length_Mod.v:22]
	Parameter INPUT_LENGTH bound to: 8 - type: integer 
	Parameter OUTPUT_LENGTH bound to: 16 - type: integer 
INFO: [Synth 8-6155] done synthesizing module 'my_Vector_Length_Mod' (1#1) [c:/Users/kibii/OneDrive/Users/kibii/OneDrive/Studienkolleg/Vivado/Vector_Length_Mod/Vector_Length_Mod.srcs/sources_1/new/my_Vector_Length_Mod.v:22]
INFO: [Synth 8-6155] done synthesizing module 'my_AD_DA_Exp_my_Vector_Length_Mod_0_0' (2#1) [c:/Users/kibii/OneDrive/Studienkolleg/Vivado/AD_DA_Exp/AD_DA_Exp.srcs/sources_1/bd/my_AD_DA_Exp/ip/my_AD_DA_Exp_my_Vector_Length_Mod_0_0/synth/my_AD_DA_Exp_my_Vector_Length_Mod_0_0.v:58]
---------------------------------------------------------------------------------
Finished RTL Elaboration : Time (s): cpu = 00:00:05 ; elapsed = 00:00:06 . Memory (MB): peak = 440.371 ; gain = 153.113
---------------------------------------------------------------------------------

Report Check Netlist: 
+------+------------------+-------+---------+-------+------------------+
|      |Item              |Errors |Warnings |Status |Description       |
+------+------------------+-------+---------+-------+------------------+
|1     |multi_driven_nets |      0|        0|Passed |Multi driven nets |
+------+------------------+-------+---------+-------+------------------+
---------------------------------------------------------------------------------
Start Handling Custom Attributes
---------------------------------------------------------------------------------
---------------------------------------------------------------------------------
Finished Handling Custom Attributes : Time (s): cpu = 00:00:05 ; elapsed = 00:00:06 . Memory (MB): peak = 440.371 ; gain = 153.113
---------------------------------------------------------------------------------
---------------------------------------------------------------------------------
Finished RTL Optimization Phase 1 : Time (s): cpu = 00:00:05 ; elapsed = 00:00:06 . Memory (MB): peak = 440.371 ; gain = 153.113
---------------------------------------------------------------------------------
INFO: [Device 21-403] Loading part xc7z010clg400-1
INFO: [Project 1-570] Preparing netlist for logic optimization

Processing XDC Constraints
Initializing timing engine
Completed Processing XDC Constraints

INFO: [Project 1-111] Unisim Transformation Summary:
No Unisim elements were transformed.

WARNING: [Constraints 18-5210] No constraint will be written out.
Constraint Validation Runtime : Time (s): cpu = 00:00:00 ; elapsed = 00:00:00.100 . Memory (MB): peak = 674.891 ; gain = 1.488
---------------------------------------------------------------------------------
Finished Constraint Validation : Time (s): cpu = 00:00:20 ; elapsed = 00:00:23 . Memory (MB): peak = 674.891 ; gain = 387.633
---------------------------------------------------------------------------------
---------------------------------------------------------------------------------
Start Loading Part and Timing Information
---------------------------------------------------------------------------------
Loading part: xc7z010clg400-1
---------------------------------------------------------------------------------
Finished Loading Part and Timing Information : Time (s): cpu = 00:00:20 ; elapsed = 00:00:23 . Memory (MB): peak = 674.891 ; gain = 387.633
---------------------------------------------------------------------------------
---------------------------------------------------------------------------------
Start Applying 'set_property' XDC Constraints
---------------------------------------------------------------------------------
---------------------------------------------------------------------------------
Finished applying 'set_property' XDC Constraints : Time (s): cpu = 00:00:20 ; elapsed = 00:00:23 . Memory (MB): peak = 674.891 ; gain = 387.633
---------------------------------------------------------------------------------
---------------------------------------------------------------------------------
Finished RTL Optimization Phase 2 : Time (s): cpu = 00:00:20 ; elapsed = 00:00:23 . Memory (MB): peak = 674.891 ; gain = 387.633
---------------------------------------------------------------------------------

Report RTL Partitions: 
+-+--------------+------------+----------+
| |RTL Partition |Replication |Instances |
+-+--------------+------------+----------+
+-+--------------+------------+----------+
---------------------------------------------------------------------------------
Start RTL Component Statistics 
---------------------------------------------------------------------------------
Detailed RTL Component Info : 
---------------------------------------------------------------------------------
Finished RTL Component Statistics 
---------------------------------------------------------------------------------
---------------------------------------------------------------------------------
Start RTL Hierarchical Component Statistics 
---------------------------------------------------------------------------------
Hierarchical RTL Component report 
---------------------------------------------------------------------------------
Finished RTL Hierarchical Component Statistics
---------------------------------------------------------------------------------
---------------------------------------------------------------------------------
Start Part Resource Summary
---------------------------------------------------------------------------------
Part Resources:
DSPs: 80 (col length:40)
BRAMs: 120 (col length: RAMB18 40 RAMB36 20)
---------------------------------------------------------------------------------
Finished Part Resource Summary
---------------------------------------------------------------------------------
---------------------------------------------------------------------------------
Start Cross Boundary and Area Optimization
---------------------------------------------------------------------------------
Warning: Parallel synthesis criteria is not met 
WARNING: [Synth 8-3330] design my_AD_DA_Exp_my_Vector_Length_Mod_0_0 has an empty top module
INFO: [Synth 8-3917] design my_AD_DA_Exp_my_Vector_Length_Mod_0_0 has port output_vector[7] driven by constant 0
INFO: [Synth 8-3917] design my_AD_DA_Exp_my_Vector_Length_Mod_0_0 has port output_vector[6] driven by constant 0
INFO: [Synth 8-3917] design my_AD_DA_Exp_my_Vector_Length_Mod_0_0 has port output_vector[5] driven by constant 0
INFO: [Synth 8-3917] design my_AD_DA_Exp_my_Vector_Length_Mod_0_0 has port output_vector[4] driven by constant 0
INFO: [Synth 8-3917] design my_AD_DA_Exp_my_Vector_Length_Mod_0_0 has port output_vector[3] driven by constant 0
INFO: [Synth 8-3917] design my_AD_DA_Exp_my_Vector_Length_Mod_0_0 has port output_vector[2] driven by constant 0
INFO: [Synth 8-3917] design my_AD_DA_Exp_my_Vector_Length_Mod_0_0 has port output_vector[1] driven by constant 0
INFO: [Synth 8-3917] design my_AD_DA_Exp_my_Vector_Length_Mod_0_0 has port output_vector[0] driven by constant 0
---------------------------------------------------------------------------------
Finished Cross Boundary and Area Optimization : Time (s): cpu = 00:00:21 ; elapsed = 00:00:24 . Memory (MB): peak = 674.891 ; gain = 387.633
---------------------------------------------------------------------------------

Report RTL Partitions: 
+-+--------------+------------+----------+
| |RTL Partition |Replication |Instances |
+-+--------------+------------+----------+
+-+--------------+------------+----------+
---------------------------------------------------------------------------------
Start Applying XDC Timing Constraints
---------------------------------------------------------------------------------
---------------------------------------------------------------------------------
Finished Applying XDC Timing Constraints : Time (s): cpu = 00:00:40 ; elapsed = 00:00:44 . Memory (MB): peak = 743.398 ; gain = 456.141
---------------------------------------------------------------------------------
---------------------------------------------------------------------------------
Start Timing Optimization
---------------------------------------------------------------------------------
---------------------------------------------------------------------------------
Finished Timing Optimization : Time (s): cpu = 00:00:40 ; elapsed = 00:00:44 . Memory (MB): peak = 743.398 ; gain = 456.141
---------------------------------------------------------------------------------

Report RTL Partitions: 
+-+--------------+------------+----------+
| |RTL Partition |Replication |Instances |
+-+--------------+------------+----------+
+-+--------------+------------+----------+
---------------------------------------------------------------------------------
Start Technology Mapping
---------------------------------------------------------------------------------
---------------------------------------------------------------------------------
Finished Technology Mapping : Time (s): cpu = 00:00:40 ; elapsed = 00:00:44 . Memory (MB): peak = 743.398 ; gain = 456.141
---------------------------------------------------------------------------------

Report RTL Partitions: 
+-+--------------+------------+----------+
| |RTL Partition |Replication |Instances |
+-+--------------+------------+----------+
+-+--------------+------------+----------+
---------------------------------------------------------------------------------
Start IO Insertion
---------------------------------------------------------------------------------
---------------------------------------------------------------------------------
Start Flattening Before IO Insertion
---------------------------------------------------------------------------------
---------------------------------------------------------------------------------
Finished Flattening Before IO Insertion
---------------------------------------------------------------------------------
---------------------------------------------------------------------------------
Start Final Netlist Cleanup
---------------------------------------------------------------------------------
---------------------------------------------------------------------------------
Finished Final Netlist Cleanup
---------------------------------------------------------------------------------
---------------------------------------------------------------------------------
Finished IO Insertion : Time (s): cpu = 00:00:42 ; elapsed = 00:00:47 . Memory (MB): peak = 744.527 ; gain = 457.270
---------------------------------------------------------------------------------

Report Check Netlist: 
+------+------------------+-------+---------+-------+------------------+
|      |Item              |Errors |Warnings |Status |Description       |
+------+------------------+-------+---------+-------+------------------+
|1     |multi_driven_nets |      0|        0|Passed |Multi driven nets |
+------+------------------+-------+---------+-------+------------------+
---------------------------------------------------------------------------------
Start Renaming Generated Instances
---------------------------------------------------------------------------------
---------------------------------------------------------------------------------
Finished Renaming Generated Instances : Time (s): cpu = 00:00:42 ; elapsed = 00:00:47 . Memory (MB): peak = 744.527 ; gain = 457.270
---------------------------------------------------------------------------------

Report RTL Partitions: 
+-+--------------+------------+----------+
| |RTL Partition |Replication |Instances |
+-+--------------+------------+----------+
+-+--------------+------------+----------+
---------------------------------------------------------------------------------
Start Rebuilding User Hierarchy
---------------------------------------------------------------------------------
---------------------------------------------------------------------------------
Finished Rebuilding User Hierarchy : Time (s): cpu = 00:00:42 ; elapsed = 00:00:47 . Memory (MB): peak = 744.527 ; gain = 457.270
---------------------------------------------------------------------------------
---------------------------------------------------------------------------------
Start Renaming Generated Ports
---------------------------------------------------------------------------------
---------------------------------------------------------------------------------
Finished Renaming Generated Ports : Time (s): cpu = 00:00:42 ; elapsed = 00:00:47 . Memory (MB): peak = 744.527 ; gain = 457.270
---------------------------------------------------------------------------------
---------------------------------------------------------------------------------
Start Handling Custom Attributes
---------------------------------------------------------------------------------
---------------------------------------------------------------------------------
Finished Handling Custom Attributes : Time (s): cpu = 00:00:42 ; elapsed = 00:00:47 . Memory (MB): peak = 744.527 ; gain = 457.270
---------------------------------------------------------------------------------
---------------------------------------------------------------------------------
Start Renaming Generated Nets
---------------------------------------------------------------------------------
---------------------------------------------------------------------------------
Finished Renaming Generated Nets : Time (s): cpu = 00:00:42 ; elapsed = 00:00:47 . Memory (MB): peak = 744.527 ; gain = 457.270
---------------------------------------------------------------------------------
---------------------------------------------------------------------------------
Start Writing Synthesis Report
---------------------------------------------------------------------------------

Report BlackBoxes: 
+-+--------------+----------+
| |BlackBox name |Instances |
+-+--------------+----------+
+-+--------------+----------+

Report Cell Usage: 
+-+-----+------+
| |Cell |Count |
+-+-----+------+
+-+-----+------+

Report Instance Areas: 
+------+---------+-------+------+
|      |Instance |Module |Cells |
+------+---------+-------+------+
|1     |top      |       |     0|
+------+---------+-------+------+
---------------------------------------------------------------------------------
Finished Writing Synthesis Report : Time (s): cpu = 00:00:42 ; elapsed = 00:00:47 . Memory (MB): peak = 744.527 ; gain = 457.270
---------------------------------------------------------------------------------
Synthesis finished with 0 errors, 0 critical warnings and 1 warnings.
Synthesis Optimization Runtime : Time (s): cpu = 00:00:27 ; elapsed = 00:00:35 . Memory (MB): peak = 744.527 ; gain = 222.750
Synthesis Optimization Complete : Time (s): cpu = 00:00:43 ; elapsed = 00:00:47 . Memory (MB): peak = 744.527 ; gain = 457.270
INFO: [Project 1-571] Translating synthesized netlist
INFO: [Project 1-570] Preparing netlist for logic optimization
INFO: [Opt 31-138] Pushed 0 inverter(s) to 0 load pin(s).
INFO: [Project 1-111] Unisim Transformation Summary:
No Unisim elements were transformed.

INFO: [Common 17-83] Releasing license: Synthesis
21 Infos, 2 Warnings, 0 Critical Warnings and 0 Errors encountered.
synth_design completed successfully
synth_design: Time (s): cpu = 00:00:46 ; elapsed = 00:00:51 . Memory (MB): peak = 768.223 ; gain = 487.875
WARNING: [Constraints 18-5210] No constraint will be written out.
INFO: [Common 17-1381] The checkpoint 'C:/Users/kibii/OneDrive/Studienkolleg/Vivado/AD_DA_Exp/AD_DA_Exp.runs/my_AD_DA_Exp_my_Vector_Length_Mod_0_0_synth_1/my_AD_DA_Exp_my_Vector_Length_Mod_0_0.dcp' has been generated.
INFO: [Coretcl 2-1482] Added synthesis output to IP cache for IP c:/Users/kibii/OneDrive/Studienkolleg/Vivado/AD_DA_Exp/AD_DA_Exp.srcs/sources_1/bd/my_AD_DA_Exp/ip/my_AD_DA_Exp_my_Vector_Length_Mod_0_0/my_AD_DA_Exp_my_Vector_Length_Mod_0_0.xci
WARNING: [Constraints 18-5210] No constraint will be written out.
INFO: [Common 17-1381] The checkpoint 'C:/Users/kibii/OneDrive/Studienkolleg/Vivado/AD_DA_Exp/AD_DA_Exp.runs/my_AD_DA_Exp_my_Vector_Length_Mod_0_0_synth_1/my_AD_DA_Exp_my_Vector_Length_Mod_0_0.dcp' has been generated.
INFO: [runtcl-4] Executing : report_utilization -file my_AD_DA_Exp_my_Vector_Length_Mod_0_0_utilization_synth.rpt -pb my_AD_DA_Exp_my_Vector_Length_Mod_0_0_utilization_synth.pb
report_utilization: Time (s): cpu = 00:00:00 ; elapsed = 00:00:00.070 . Memory (MB): peak = 768.223 ; gain = 0.000
INFO: [Common 17-206] Exiting Vivado at Thu Nov 26 22:51:41 2020...
