#-----------------------------------------------------------
# Vivado v2018.2 (64-bit)
# SW Build 2258646 on Thu Jun 14 20:03:12 MDT 2018
# IP Build 2256618 on Thu Jun 14 22:10:49 MDT 2018
# Start of session at: Thu Feb  4 16:31:07 2021
# Process ID: 9548
# Current directory: C:/Users/James Kibii/OneDrive/Dokumente/Vivado/Vector_Length_Mod
# Command line: vivado.exe -gui_launcher_event rodinguilauncherevent9736 C:\Users\James Kibii\OneDrive\Dokumente\Vivado\Vector_Length_Mod\Vector_Length_Mod.xpr
# Log file: C:/Users/James Kibii/OneDrive/Dokumente/Vivado/Vector_Length_Mod/vivado.log
# Journal file: C:/Users/James Kibii/OneDrive/Dokumente/Vivado/Vector_Length_Mod\vivado.jou
#-----------------------------------------------------------
start_gui
open_project {C:/Users/James Kibii/OneDrive/Dokumente/Vivado/Vector_Length_Mod/Vector_Length_Mod.xpr}
INFO: [Project 1-313] Project file moved from 'C:/Users/kibii/OneDrive/Studienkolleg/Vivado/Vector_Length_Mod' since last save.
Scanning sources...
Finished scanning sources
INFO: [IP_Flow 19-234] Refreshing IP repositories
INFO: [IP_Flow 19-1704] No user IP repositories specified
INFO: [IP_Flow 19-2313] Loaded Vivado IP repository 'C:/Xilinx/Vivado/2018.2/data/ip'.
open_project: Time (s): cpu = 00:00:14 ; elapsed = 00:00:07 . Memory (MB): peak = 866.297 ; gain = 119.371
update_compile_order -fileset sources_1
exit
INFO: [Common 17-206] Exiting Vivado at Thu Feb  4 16:35:31 2021...
