#-----------------------------------------------------------
# Webtalk v2018.3 (64-bit)
# SW Build 2405991 on Thu Dec  6 23:36:41 MST 2018
# 
# Start of session at: Wed Sep 16 14:19:50 2020
# Process ID: 10684
# Current directory: /home/pabele/programming/fpga/2018.3/zynqberry_7007S/Base_system_for_lab/01_Base_system/01_Base_system.sdk/webtalk
# Command line: wbtcv -mode batch -source sdk_webtalk.tcl
# Log file: /home/pabele/programming/fpga/2018.3/zynqberry_7007S/Base_system_for_lab/01_Base_system/01_Base_system.sdk/webtalk/webtalk.log
# Journal file: /home/pabele/programming/fpga/2018.3/zynqberry_7007S/Base_system_for_lab/01_Base_system/01_Base_system.sdk/webtalk/webtalk.jou
#-----------------------------------------------------------
source sdk_webtalk.tcl
# webtalk_init -webtalk_dir /home/pabele/programming/fpga/2018.3/zynqberry_7007S/Base_system_for_lab/01_Base_system/01_Base_system.sdk/webtalk
# webtalk_register_client -client project
# webtalk_add_data -client project -key date_generated -value "2020-09-16 14:19:50" -context "software_version_and_target_device"
# webtalk_add_data -client project -key product_version -value "SDK v2018.3" -context "software_version_and_target_device"
# webtalk_add_data -client project -key build_version -value "2018.3" -context "software_version_and_target_device"
# webtalk_add_data -client project -key os_platform -value "amd64" -context "software_version_and_target_device"
# webtalk_add_data -client project -key registration_id -value "" -context "software_version_and_target_device"
# webtalk_add_data -client project -key tool_flow -value "SDK" -context "software_version_and_target_device"
# webtalk_add_data -client project -key beta -value "false" -context "software_version_and_target_device"
# webtalk_add_data -client project -key route_design -value "NA" -context "software_version_and_target_device"
# webtalk_add_data -client project -key target_family -value "NA" -context "software_version_and_target_device"
# webtalk_add_data -client project -key target_device -value "NA" -context "software_version_and_target_device"
# webtalk_add_data -client project -key target_package -value "NA" -context "software_version_and_target_device"
# webtalk_add_data -client project -key target_speed -value "NA" -context "software_version_and_target_device"
# webtalk_add_data -client project -key random_id -value "9ej9332fsmnsb6qr8iddubfcc" -context "software_version_and_target_device"
# webtalk_add_data -client project -key project_id -value "2018.3_31" -context "software_version_and_target_device"
# webtalk_add_data -client project -key project_iteration -value "31" -context "software_version_and_target_device"
# webtalk_add_data -client project -key os_name -value "Ubuntu" -context "user_environment"
# webtalk_add_data -client project -key os_release -value "Ubuntu 18.04.5 LTS" -context "user_environment"
# webtalk_add_data -client project -key cpu_name -value "Intel(R) Core(TM) i7-8565U CPU @ 1.80GHz" -context "user_environment"
# webtalk_add_data -client project -key cpu_speed -value "4148.255 MHz" -context "user_environment"
# webtalk_add_data -client project -key total_processors -value "1" -context "user_environment"
# webtalk_add_data -client project -key system_ram -value "16.430 GB" -context "user_environment"
# webtalk_register_client -client sdk
# webtalk_add_data -client sdk -key uid -value "1600257592000" -context "sdk\\\\hardware/1600257592000"
# webtalk_add_data -client sdk -key isZynq -value "true" -context "sdk\\\\hardware/1600257592000"
# webtalk_add_data -client sdk -key isZynqMP -value "false" -context "sdk\\\\hardware/1600257592000"
# webtalk_add_data -client sdk -key Processors -value "1" -context "sdk\\\\hardware/1600257592000"
# webtalk_add_data -client sdk -key VivadoVersion -value "2018.3" -context "sdk\\\\hardware/1600257592000"
# webtalk_add_data -client sdk -key Arch -value "zynq" -context "sdk\\\\hardware/1600257592000"
# webtalk_add_data -client sdk -key Device -value "7z007s" -context "sdk\\\\hardware/1600257592000"
# webtalk_add_data -client sdk -key IsHandoff -value "true" -context "sdk\\\\hardware/1600257592000"
# webtalk_add_data -client sdk -key os -value "NA" -context "sdk\\\\hardware/1600257592000"
# webtalk_add_data -client sdk -key apptemplate -value "NA" -context "sdk\\\\hardware/1600257592000"
# webtalk_add_data -client sdk -key RecordType -value "HWCreation" -context "sdk\\\\hardware/1600257592000"
# webtalk_add_data -client sdk -key uid -value "1600257641000" -context "sdk\\\\bsp/1600257641000"
# webtalk_add_data -client sdk -key hwid -value "1600257592000" -context "sdk\\\\bsp/1600257641000"
# webtalk_add_data -client sdk -key os -value "standalone" -context "sdk\\\\bsp/1600257641000"
# webtalk_add_data -client sdk -key apptemplate -value "hello_world" -context "sdk\\\\bsp/1600257641000"
# webtalk_add_data -client sdk -key RecordType -value "BSPCreation" -context "sdk\\\\bsp/1600257641000"
# webtalk_add_data -client sdk -key projSize -value "217.08203125" -context "sdk\\\\bsp/1600257641000"
# webtalk_add_data -client sdk -key uid -value "1600257641000" -context "sdk\\\\application/1600257641000"
# webtalk_add_data -client sdk -key hwid -value "1600257592000" -context "sdk\\\\application/1600257641000"
# webtalk_add_data -client sdk -key bspid -value "1600257641000" -context "sdk\\\\application/1600257641000"
# webtalk_add_data -client sdk -key newbsp -value "true" -context "sdk\\\\application/1600257641000"
# webtalk_add_data -client sdk -key os -value "standalone" -context "sdk\\\\application/1600257641000"
# webtalk_add_data -client sdk -key apptemplate -value "hello_world" -context "sdk\\\\application/1600257641000"
# webtalk_add_data -client sdk -key RecordType -value "APPCreation" -context "sdk\\\\application/1600257641000"
# webtalk_add_data -client sdk -key LangUsed -value "C" -context "sdk\\\\application/1600257641000"
# webtalk_add_data -client sdk -key Procused -value "ps7_cortexa9" -context "sdk\\\\application/1600257641000"
# webtalk_add_data -client sdk -key projSize -value "217.08203125" -context "sdk\\\\application/1600257641000"
# webtalk_add_data -client sdk -key uid -value "1600257825000" -context "sdk\\\\bsp/1600257825000"
# webtalk_add_data -client sdk -key hwid -value "1600257592000" -context "sdk\\\\bsp/1600257825000"
# webtalk_add_data -client sdk -key os -value "standalone" -context "sdk\\\\bsp/1600257825000"
# webtalk_add_data -client sdk -key apptemplate -value "zynq_fsbl" -context "sdk\\\\bsp/1600257825000"
# webtalk_add_data -client sdk -key RecordType -value "BSPCreation" -context "sdk\\\\bsp/1600257825000"
# webtalk_add_data -client sdk -key uid -value "1600257829000" -context "sdk\\\\application/1600257829000"
# webtalk_add_data -client sdk -key hwid -value "1600257592000" -context "sdk\\\\application/1600257829000"
# webtalk_add_data -client sdk -key bspid -value "1600257825000" -context "sdk\\\\application/1600257829000"
# webtalk_add_data -client sdk -key newbsp -value "true" -context "sdk\\\\application/1600257829000"
# webtalk_add_data -client sdk -key os -value "standalone" -context "sdk\\\\application/1600257829000"
# webtalk_add_data -client sdk -key apptemplate -value "zynq_fsbl" -context "sdk\\\\application/1600257829000"
# webtalk_add_data -client sdk -key RecordType -value "APPCreation" -context "sdk\\\\application/1600257829000"
# webtalk_add_data -client sdk -key LangUsed -value "C" -context "sdk\\\\application/1600257829000"
# webtalk_add_data -client sdk -key Procused -value "ps7_cortexa9" -context "sdk\\\\application/1600257829000"
# webtalk_add_data -client sdk -key projSize -value "615.20703125" -context "sdk\\\\application/1600257829000"
# webtalk_add_data -client sdk -key uid -value "1600257850000" -context "sdk\\\\bsp/1600257850000"
# webtalk_add_data -client sdk -key hwid -value "1600257592000" -context "sdk\\\\bsp/1600257850000"
# webtalk_add_data -client sdk -key os -value "standalone" -context "sdk\\\\bsp/1600257850000"
# webtalk_add_data -client sdk -key apptemplate -value "zynq_fsbl" -context "sdk\\\\bsp/1600257850000"
# webtalk_add_data -client sdk -key RecordType -value "BSPCreation" -context "sdk\\\\bsp/1600257850000"
# webtalk_add_data -client sdk -key uid -value "1600257854000" -context "sdk\\\\application/1600257854000"
# webtalk_add_data -client sdk -key hwid -value "1600257592000" -context "sdk\\\\application/1600257854000"
# webtalk_add_data -client sdk -key bspid -value "1600257850000" -context "sdk\\\\application/1600257854000"
# webtalk_add_data -client sdk -key newbsp -value "true" -context "sdk\\\\application/1600257854000"
# webtalk_add_data -client sdk -key os -value "standalone" -context "sdk\\\\application/1600257854000"
# webtalk_add_data -client sdk -key apptemplate -value "zynq_fsbl" -context "sdk\\\\application/1600257854000"
# webtalk_add_data -client sdk -key RecordType -value "APPCreation" -context "sdk\\\\application/1600257854000"
# webtalk_add_data -client sdk -key LangUsed -value "C" -context "sdk\\\\application/1600257854000"
# webtalk_add_data -client sdk -key Procused -value "ps7_cortexa9" -context "sdk\\\\application/1600257854000"
# webtalk_add_data -client sdk -key projSize -value "615.34765625" -context "sdk\\\\application/1600257854000"
# webtalk_add_data -client sdk -key uid -value "NA" -context "sdk\\\\bsp/1600258790192"
# webtalk_add_data -client sdk -key RecordType -value "ToolUsage" -context "sdk\\\\bsp/1600258790192"
# webtalk_add_data -client sdk -key BootgenCount -value "4" -context "sdk\\\\bsp/1600258790192"
# webtalk_add_data -client sdk -key DebugCount -value "4" -context "sdk\\\\bsp/1600258790192"
# webtalk_add_data -client sdk -key PerfCount -value "0" -context "sdk\\\\bsp/1600258790192"
# webtalk_add_data -client sdk -key FlashCount -value "5" -context "sdk\\\\bsp/1600258790192"
# webtalk_add_data -client sdk -key CrossTriggCount -value "0" -context "sdk\\\\bsp/1600258790192"
# webtalk_add_data -client sdk -key QemuDebugCount -value "0" -context "sdk\\\\bsp/1600258790192"
# webtalk_transmit -clientid 1423471930 -regid "" -xml /home/pabele/programming/fpga/2018.3/zynqberry_7007S/Base_system_for_lab/01_Base_system/01_Base_system.sdk/webtalk/usage_statistics_ext_sdk.xml -html /home/pabele/programming/fpga/2018.3/zynqberry_7007S/Base_system_for_lab/01_Base_system/01_Base_system.sdk/webtalk/usage_statistics_ext_sdk.html -wdm /home/pabele/programming/fpga/2018.3/zynqberry_7007S/Base_system_for_lab/01_Base_system/01_Base_system.sdk/webtalk/sdk_webtalk.wdm -intro "<H3>SDK Usage Report</H3><BR>"
# webtalk_terminate
INFO: [Common 17-206] Exiting Webtalk at Wed Sep 16 14:19:52 2020...
