#-----------------------------------------------------------
# Vivado v2018.2 (64-bit)
# SW Build 2258646 on Thu Jun 14 20:03:12 MDT 2018
# IP Build 2256618 on Thu Jun 14 22:10:49 MDT 2018
# Start of session at: Sat Jan 23 01:36:26 2021
# Process ID: 13856
# Current directory: C:/Users/kibii/OneDrive/Studienkolleg/Vivado/01_Base_System_010
# Command line: vivado.exe -gui_launcher_event rodinguilauncherevent2556 C:\Users\kibii\OneDrive\Studienkolleg\Vivado\01_Base_System_010\01_Base_System_010.xpr
# Log file: C:/Users/kibii/OneDrive/Studienkolleg/Vivado/01_Base_System_010/vivado.log
# Journal file: C:/Users/kibii/OneDrive/Studienkolleg/Vivado/01_Base_System_010\vivado.jou
#-----------------------------------------------------------
start_gui
open_project C:/Users/kibii/OneDrive/Studienkolleg/Vivado/01_Base_System_010/01_Base_System_010.xpr
INFO: [Project 1-313] Project file moved from '/home/pabele/programming/fpga/2018.3/Elektronische_Schaltungen/01_Base_System_010' since last save.
ERROR: [BD 41-2004] The design in BD file 'system.bd' is empty. An error must have occurred while reading the file.
Scanning sources...
Finished scanning sources
CRITICAL WARNING: [Board 49-67] The board_part definition was not found for trenz.biz:te0726_m:part0:3.1. This can happen sometimes when you use custom board part. You can resolve this issue by setting 'board.repoPaths' parameter, pointing to the location of custom board files. Valid board_part values can be retrieved with the 'get_board_parts' Tcl command.
INFO: [IP_Flow 19-234] Refreshing IP repositories
INFO: [IP_Flow 19-1704] No user IP repositories specified
INFO: [IP_Flow 19-2313] Loaded Vivado IP repository 'C:/Xilinx/Vivado/2018.2/data/ip'.
CRITICAL WARNING: [IP_Flow 19-5008] Invalid value for parameter usage type 'simulation.rtl'
CRITICAL WARNING: [IP_Flow 19-5008] Invalid value for parameter usage type 'simulation.rtl'
CRITICAL WARNING: [IP_Flow 19-5008] Invalid value for parameter usage type 'simulation.rtl'
CRITICAL WARNING: [IP_Flow 19-5008] Invalid value for parameter usage type 'simulation.rtl'
CRITICAL WARNING: [IP_Flow 19-5008] Invalid value for parameter usage type 'simulation.rtl'
CRITICAL WARNING: [IP_Flow 19-5008] Invalid value for parameter usage type 'simulation.rtl'
CRITICAL WARNING: [IP_Flow 19-5008] Invalid value for parameter usage type 'simulation.rtl'
CRITICAL WARNING: [IP_Flow 19-5008] Invalid value for parameter usage type 'simulation.rtl'
CRITICAL WARNING: [IP_Flow 19-5008] Invalid value for parameter usage type 'simulation.rtl'
CRITICAL WARNING: [IP_Flow 19-5008] Invalid value for parameter usage type 'simulation.rtl'
CRITICAL WARNING: [IP_Flow 19-5008] Invalid value for parameter usage type 'simulation.rtl'
CRITICAL WARNING: [IP_Flow 19-5008] Invalid value for parameter usage type 'simulation.rtl'
CRITICAL WARNING: [IP_Flow 19-5008] Invalid value for parameter usage type 'simulation.rtl'
CRITICAL WARNING: [IP_Flow 19-5008] Invalid value for parameter usage type 'simulation.rtl'
CRITICAL WARNING: [IP_Flow 19-5008] Invalid value for parameter usage type 'simulation.rtl'
CRITICAL WARNING: [IP_Flow 19-5008] Invalid value for parameter usage type 'simulation.rtl'
CRITICAL WARNING: [IP_Flow 19-5008] Invalid value for parameter usage type 'simulation.rtl'
CRITICAL WARNING: [IP_Flow 19-5008] Invalid value for parameter usage type 'simulation.rtl'
CRITICAL WARNING: [IP_Flow 19-5008] Invalid value for parameter usage type 'simulation.rtl'
CRITICAL WARNING: [IP_Flow 19-5008] Invalid value for parameter usage type 'simulation.rtl'
CRITICAL WARNING: [IP_Flow 19-5008] Invalid value for parameter usage type 'simulation.rtl'
CRITICAL WARNING: [IP_Flow 19-5008] Invalid value for parameter usage type 'simulation.rtl'
CRITICAL WARNING: [IP_Flow 19-5008] Invalid value for parameter usage type 'simulation.rtl'
CRITICAL WARNING: [IP_Flow 19-5008] Invalid value for parameter usage type 'simulation.rtl'
CRITICAL WARNING: [IP_Flow 19-5008] Invalid value for parameter usage type 'simulation.rtl'
CRITICAL WARNING: [IP_Flow 19-5008] Invalid value for parameter usage type 'simulation.rtl'
CRITICAL WARNING: [IP_Flow 19-5008] Invalid value for parameter usage type 'simulation.rtl'
CRITICAL WARNING: [IP_Flow 19-5008] Invalid value for parameter usage type 'simulation.rtl'
CRITICAL WARNING: [IP_Flow 19-5008] Invalid value for parameter usage type 'simulation.rtl'
CRITICAL WARNING: [IP_Flow 19-5008] Invalid value for parameter usage type 'simulation.rtl'
CRITICAL WARNING: [IP_Flow 19-5008] Invalid value for parameter usage type 'simulation.rtl'
CRITICAL WARNING: [IP_Flow 19-5008] Invalid value for parameter usage type 'simulation.rtl'
CRITICAL WARNING: [IP_Flow 19-5008] Invalid value for parameter usage type 'simulation.rtl'
CRITICAL WARNING: [IP_Flow 19-5008] Invalid value for parameter usage type 'simulation.rtl'
CRITICAL WARNING: [IP_Flow 19-5008] Invalid value for parameter usage type 'simulation.rtl'
CRITICAL WARNING: [IP_Flow 19-5008] Invalid value for parameter usage type 'simulation.rtl'
CRITICAL WARNING: [IP_Flow 19-5008] Invalid value for parameter usage type 'simulation.rtl'
CRITICAL WARNING: [IP_Flow 19-5008] Invalid value for parameter usage type 'simulation.rtl'
CRITICAL WARNING: [IP_Flow 19-5008] Invalid value for parameter usage type 'simulation.rtl'
CRITICAL WARNING: [IP_Flow 19-5008] Invalid value for parameter usage type 'simulation.rtl'
CRITICAL WARNING: [IP_Flow 19-182] Failed to load BOM file 'c:/Users/kibii/OneDrive/Studienkolleg/Vivado/01_Base_System_010/01_Base_System_010.srcs/sources_1/bd/system/ip/system_processing_system7_0_0/system_processing_system7_0_0.xml'.
CRITICAL WARNING: [IP_Flow 19-183] Failed to load IP instance 'system_processing_system7_0_0'.
CRITICAL WARNING: [IP_Flow 19-1835] Failed to recreate IP instance 'system_processing_system7_0_0'. Error reading project file(s).
WARNING: [BD 41-1663] The design 'system.bd' cannot be modified due to following reason(s):
* Project is read-only. Please run 'save_project_as' before making any change to the bd-design. 

WARNING: [Project 1-231] Project '01_Base_System_010.xpr' was created with a future version and may or may not perform reliably with this version of Vivado. It has been opened in read-only mode for the protection of unrecognized data. Use 'File | Save Project As...' if you wish to alter a copy of the project.
open_project: Time (s): cpu = 00:00:32 ; elapsed = 00:00:18 . Memory (MB): peak = 896.527 ; gain = 139.035
ERROR: [Common 17-39] 'open_project' failed due to earlier errors.
update_compile_order -fileset sources_1
exit
INFO: [Common 17-206] Exiting Vivado at Sat Jan 23 02:07:18 2021...
