INFO: [VRFC 10-2263] Analyzing Verilog file "C:/Users/kibii/OneDrive/Studienkolleg/Vivado/Filter_Hardware/Filter_Hardware.ip_user_files/bd/my_DSP_Hardware/ip/my_DSP_Hardware_processing_system7_0_0/sim/my_DSP_Hardware_processing_system7_0_0.v" into library xil_defaultlib
INFO: [VRFC 10-311] analyzing module my_DSP_Hardware_processing_system7_0_0
INFO: [VRFC 10-2263] Analyzing Verilog file "C:/Users/kibii/OneDrive/Users/kibii/OneDrive/Studienkolleg/Vivado/AD_Converter/AD_Converter.srcs/sources_1/new/my_AD_Converter.v" into library xil_defaultlib
INFO: [VRFC 10-311] analyzing module my_AD_Converter
INFO: [VRFC 10-2263] Analyzing Verilog file "C:/Users/kibii/OneDrive/Studienkolleg/Vivado/Filter_Hardware/Filter_Hardware.ip_user_files/bd/my_DSP_Hardware/ip/my_DSP_Hardware_my_AD_Converter_0_0/sim/my_DSP_Hardware_my_AD_Converter_0_0.v" into library xil_defaultlib
INFO: [VRFC 10-311] analyzing module my_DSP_Hardware_my_AD_Converter_0_0
INFO: [VRFC 10-2263] Analyzing Verilog file "C:/Users/kibii/OneDrive/Users/kibii/OneDrive/Studienkolleg/Vivado/DA_Converter/DA_Converter.srcs/sources_1/new/my_DA_Converter.v" into library xil_defaultlib
INFO: [VRFC 10-311] analyzing module my_DA_Converter
INFO: [VRFC 10-2263] Analyzing Verilog file "C:/Users/kibii/OneDrive/Studienkolleg/Vivado/Filter_Hardware/Filter_Hardware.ip_user_files/bd/my_DSP_Hardware/ip/my_DSP_Hardware_my_DA_Converter_0_0/sim/my_DSP_Hardware_my_DA_Converter_0_0.v" into library xil_defaultlib
INFO: [VRFC 10-311] analyzing module my_DSP_Hardware_my_DA_Converter_0_0
INFO: [VRFC 10-2263] Analyzing Verilog file "C:/Users/kibii/OneDrive/Users/kibii/OneDrive/Studienkolleg/Vivado/Vector_Length_Mod/Vector_Length_Mod.srcs/sources_1/new/my_Vector_Length_Mod.v" into library xil_defaultlib
INFO: [VRFC 10-311] analyzing module my_Vector_Length_Mod
INFO: [VRFC 10-2263] Analyzing Verilog file "C:/Users/kibii/OneDrive/Studienkolleg/Vivado/Filter_Hardware/Filter_Hardware.ip_user_files/bd/my_DSP_Hardware/ip/my_DSP_Hardware_my_Vector_Length_Mod_0_0/sim/my_DSP_Hardware_my_Vector_Length_Mod_0_0.v" into library xil_defaultlib
INFO: [VRFC 10-311] analyzing module my_DSP_Hardware_my_Vector_Length_Mod_0_0
INFO: [VRFC 10-2263] Analyzing Verilog file "C:/Users/kibii/OneDrive/Studienkolleg/Vivado/Filter_Hardware/Filter_Hardware.ip_user_files/bd/my_DSP_Hardware/sim/my_DSP_Hardware.v" into library xil_defaultlib
INFO: [VRFC 10-311] analyzing module my_DSP_Hardware
INFO: [VRFC 10-2263] Analyzing Verilog file "C:/Users/kibii/OneDrive/Users/kibii/OneDrive/Studienkolleg/Vivado/DSP_Filter_Testbench/DSP_Filter_Testbench.srcs/sources_1/new/my_DSP.v" into library xil_defaultlib
INFO: [VRFC 10-311] analyzing module my_DSP
INFO: [VRFC 10-2263] Analyzing Verilog file "C:/Users/kibii/OneDrive/Users/kibii/OneDrive/Studienkolleg/Vivado/DSP_Filter_Testbench/DSP_Filter_Testbench.srcs/sources_1/new/my_Filter.v" into library xil_defaultlib
INFO: [VRFC 10-311] analyzing module my_Filter
INFO: [VRFC 10-2263] Analyzing Verilog file "C:/Users/kibii/OneDrive/Studienkolleg/Vivado/Filter_Hardware/Filter_Hardware.ip_user_files/bd/my_DSP_Hardware/ip/my_DSP_Hardware_my_Filter_0_0/sim/my_DSP_Hardware_my_Filter_0_0.v" into library xil_defaultlib
INFO: [VRFC 10-311] analyzing module my_DSP_Hardware_my_Filter_0_0
INFO: [VRFC 10-2263] Analyzing Verilog file "C:/Users/kibii/OneDrive/Studienkolleg/Vivado/Filter_Hardware/Filter_Hardware.srcs/sources_1/bd/my_DSP_Hardware/hdl/my_DSP_Hardware_wrapper.v" into library xil_defaultlib
INFO: [VRFC 10-311] analyzing module my_DSP_Hardware_wrapper
INFO: [VRFC 10-2263] Analyzing Verilog file "C:/Users/kibii/OneDrive/Studienkolleg/Vivado/Filter_Hardware/Filter_Hardware.sim/sim_1/behav/xsim/glbl.v" into library xil_defaultlib
INFO: [VRFC 10-311] analyzing module glbl
