#-----------------------------------------------------------
# Vivado v2018.2 (64-bit)
# SW Build 2258646 on Thu Jun 14 20:03:12 MDT 2018
# IP Build 2256618 on Thu Jun 14 22:10:49 MDT 2018
# Start of session at: Thu Feb  4 19:12:37 2021
# Process ID: 11772
# Current directory: C:/Users/James Kibii/OneDrive/Dokumente/Vivado/Vector_Length_Mod_1
# Command line: vivado.exe -gui_launcher_event rodinguilauncherevent11020 C:\Users\James Kibii\OneDrive\Dokumente\Vivado\Vector_Length_Mod_1\Vector_Length_Mod.xpr
# Log file: C:/Users/James Kibii/OneDrive/Dokumente/Vivado/Vector_Length_Mod_1/vivado.log
# Journal file: C:/Users/James Kibii/OneDrive/Dokumente/Vivado/Vector_Length_Mod_1\vivado.jou
#-----------------------------------------------------------
start_gui
open_project {C:/Users/James Kibii/OneDrive/Dokumente/Vivado/Vector_Length_Mod_1/Vector_Length_Mod.xpr}
INFO: [Project 1-313] Project file moved from 'C:/Users/kibii/OneDrive/Studienkolleg/Vivado/Vector_Length_Mod' since last save.
Scanning sources...
Finished scanning sources
INFO: [IP_Flow 19-234] Refreshing IP repositories
INFO: [IP_Flow 19-1704] No user IP repositories specified
INFO: [IP_Flow 19-2313] Loaded Vivado IP repository 'C:/Xilinx/Vivado/2018.2/data/ip'.
open_project: Time (s): cpu = 00:00:12 ; elapsed = 00:00:08 . Memory (MB): peak = 786.688 ; gain = 103.828
update_compile_order -fileset sources_1
ipx::package_project -root_dir {c:/users/james kibii/onedrive/dokumente/vivado/vector_length_mod_1/vector_length_mod.srcs/sources_1/new} -vendor xilinx.com -library user -taxonomy /UserIP -force
INFO: [IP_Flow 19-2181] Payment Required is not set for this core.
INFO: [IP_Flow 19-2187] The Product Guide file is missing.
exit
INFO: [Common 17-206] Exiting Vivado at Thu Feb  4 19:54:27 2021...
