13:59:47 INFO  : Registering command handlers for SDK TCF services
13:59:48 INFO  : Launching XSCT server: xsct -n -interactive /home/pabele/programming/fpga/2018.3/zynqberry_7007S/Base_system_for_lab/01_Base_system/01_Base_system.sdk/temp_xsdb_launch_script.tcl
13:59:50 INFO  : XSCT server has started successfully.
13:59:50 INFO  : Successfully done setting XSCT server connection channel  
13:59:50 INFO  : Successfully done setting SDK workspace  
13:59:50 INFO  : Processing command line option -hwspec /home/pabele/programming/fpga/2018.3/zynqberry_7007S/Base_system_for_lab/01_Base_system/01_Base_system.sdk/top.hdf.
14:01:36 INFO  : 'targets -set -filter {jtag_cable_name =~ "JTAG-ONB4 251633000000A" && level==0} -index 1' command is executed.
14:01:36 INFO  : 'fpga -state' command is executed.
14:01:36 INFO  : Connected to target on host '127.0.0.1' and port '3121'.
14:01:36 INFO  : Jtag cable 'JTAG-ONB4 251633000000A' is selected.
14:01:36 INFO  : 'jtag frequency' command is executed.
14:01:36 INFO  : Sourcing of '/home/pabele/programming/fpga/2018.3/zynqberry_7007S/Base_system_for_lab/01_Base_system/01_Base_system.sdk/top_hw_platform_0/ps7_init.tcl' is done.
14:01:36 INFO  : Context for 'APU' is selected.
14:01:36 INFO  : Hardware design information is loaded from '/home/pabele/programming/fpga/2018.3/zynqberry_7007S/Base_system_for_lab/01_Base_system/01_Base_system.sdk/top_hw_platform_0/system.hdf'.
14:01:36 INFO  : 'configparams force-mem-access 1' command is executed.
14:01:36 INFO  : Context for 'APU' is selected.
14:01:36 INFO  : 'stop' command is executed.
14:01:36 INFO  : 'ps7_init' command is executed.
14:01:36 INFO  : 'ps7_post_config' command is executed.
14:01:36 INFO  : Context for processor 'ps7_cortexa9_0' is selected.
14:01:36 INFO  : Processor reset is completed for 'ps7_cortexa9_0'.
14:01:36 INFO  : Context for processor 'ps7_cortexa9_0' is selected.
14:01:36 INFO  : The application '/home/pabele/programming/fpga/2018.3/zynqberry_7007S/Base_system_for_lab/01_Base_system/01_Base_system.sdk/HelloWorld/Debug/HelloWorld.elf' is downloaded to processor 'ps7_cortexa9_0'.
14:01:36 INFO  : 'configparams force-mem-access 0' command is executed.
14:01:36 INFO  : ----------------XSDB Script----------------
connect -url tcp:127.0.0.1:3121
source /home/pabele/programming/fpga/2018.3/zynqberry_7007S/Base_system_for_lab/01_Base_system/01_Base_system.sdk/top_hw_platform_0/ps7_init.tcl
targets -set -nocase -filter {name =~"APU*" && jtag_cable_name =~ "JTAG-ONB4 251633000000A"} -index 0
loadhw -hw /home/pabele/programming/fpga/2018.3/zynqberry_7007S/Base_system_for_lab/01_Base_system/01_Base_system.sdk/top_hw_platform_0/system.hdf -mem-ranges [list {0x40000000 0xbfffffff}]
configparams force-mem-access 1
targets -set -nocase -filter {name =~"APU*" && jtag_cable_name =~ "JTAG-ONB4 251633000000A"} -index 0
stop
ps7_init
ps7_post_config
targets -set -nocase -filter {name =~ "ARM*#0" && jtag_cable_name =~ "JTAG-ONB4 251633000000A"} -index 0
rst -processor
targets -set -nocase -filter {name =~ "ARM*#0" && jtag_cable_name =~ "JTAG-ONB4 251633000000A"} -index 0
dow /home/pabele/programming/fpga/2018.3/zynqberry_7007S/Base_system_for_lab/01_Base_system/01_Base_system.sdk/HelloWorld/Debug/HelloWorld.elf
configparams force-mem-access 0
----------------End of Script----------------

14:01:36 INFO  : Memory regions updated for context APU
14:01:36 INFO  : Context for processor 'ps7_cortexa9_0' is selected.
14:01:36 INFO  : 'con' command is executed.
14:01:36 INFO  : ----------------XSDB Script (After Launch)----------------
targets -set -nocase -filter {name =~ "ARM*#0" && jtag_cable_name =~ "JTAG-ONB4 251633000000A"} -index 0
con
----------------End of Script----------------

14:01:36 INFO  : Launch script is exported to file '/home/pabele/programming/fpga/2018.3/zynqberry_7007S/Base_system_for_lab/01_Base_system/01_Base_system.sdk/.sdk/launch_scripts/xilinx_c-c++_application_(system_debugger)/system_debugger_using_debug_helloworld.elf_on_local.tcl'
14:02:22 INFO  : Disconnected from the channel tcfchan#1.
14:02:23 INFO  : 'targets -set -filter {jtag_cable_name =~ "JTAG-ONB4 251633000000A" && level==0} -index 1' command is executed.
14:02:23 INFO  : 'fpga -state' command is executed.
14:02:23 INFO  : Connected to target on host '127.0.0.1' and port '3121'.
14:02:23 INFO  : Jtag cable 'JTAG-ONB4 251633000000A' is selected.
14:02:23 INFO  : 'jtag frequency' command is executed.
14:02:23 INFO  : Sourcing of '/home/pabele/programming/fpga/2018.3/zynqberry_7007S/Base_system_for_lab/01_Base_system/01_Base_system.sdk/top_hw_platform_0/ps7_init.tcl' is done.
14:02:23 INFO  : Context for 'APU' is selected.
14:02:24 INFO  : Hardware design information is loaded from '/home/pabele/programming/fpga/2018.3/zynqberry_7007S/Base_system_for_lab/01_Base_system/01_Base_system.sdk/top_hw_platform_0/system.hdf'.
14:02:24 INFO  : 'configparams force-mem-access 1' command is executed.
14:02:24 INFO  : Context for 'APU' is selected.
14:02:24 INFO  : 'stop' command is executed.
14:02:24 INFO  : 'ps7_init' command is executed.
14:02:24 INFO  : 'ps7_post_config' command is executed.
14:02:24 INFO  : Context for processor 'ps7_cortexa9_0' is selected.
14:02:24 INFO  : Processor reset is completed for 'ps7_cortexa9_0'.
14:02:24 INFO  : Context for processor 'ps7_cortexa9_0' is selected.
14:02:24 INFO  : The application '/home/pabele/programming/fpga/2018.3/zynqberry_7007S/Base_system_for_lab/01_Base_system/01_Base_system.sdk/HelloWorld/Debug/HelloWorld.elf' is downloaded to processor 'ps7_cortexa9_0'.
14:02:24 INFO  : 'configparams force-mem-access 0' command is executed.
14:02:24 INFO  : ----------------XSDB Script----------------
connect -url tcp:127.0.0.1:3121
source /home/pabele/programming/fpga/2018.3/zynqberry_7007S/Base_system_for_lab/01_Base_system/01_Base_system.sdk/top_hw_platform_0/ps7_init.tcl
targets -set -nocase -filter {name =~"APU*" && jtag_cable_name =~ "JTAG-ONB4 251633000000A"} -index 0
loadhw -hw /home/pabele/programming/fpga/2018.3/zynqberry_7007S/Base_system_for_lab/01_Base_system/01_Base_system.sdk/top_hw_platform_0/system.hdf -mem-ranges [list {0x40000000 0xbfffffff}]
configparams force-mem-access 1
targets -set -nocase -filter {name =~"APU*" && jtag_cable_name =~ "JTAG-ONB4 251633000000A"} -index 0
stop
ps7_init
ps7_post_config
targets -set -nocase -filter {name =~ "ARM*#0" && jtag_cable_name =~ "JTAG-ONB4 251633000000A"} -index 0
rst -processor
targets -set -nocase -filter {name =~ "ARM*#0" && jtag_cable_name =~ "JTAG-ONB4 251633000000A"} -index 0
dow /home/pabele/programming/fpga/2018.3/zynqberry_7007S/Base_system_for_lab/01_Base_system/01_Base_system.sdk/HelloWorld/Debug/HelloWorld.elf
configparams force-mem-access 0
----------------End of Script----------------

14:02:24 INFO  : Memory regions updated for context APU
14:02:24 INFO  : Context for processor 'ps7_cortexa9_0' is selected.
14:02:24 INFO  : 'con' command is executed.
14:02:24 INFO  : ----------------XSDB Script (After Launch)----------------
targets -set -nocase -filter {name =~ "ARM*#0" && jtag_cable_name =~ "JTAG-ONB4 251633000000A"} -index 0
con
----------------End of Script----------------

14:02:24 INFO  : Launch script is exported to file '/home/pabele/programming/fpga/2018.3/zynqberry_7007S/Base_system_for_lab/01_Base_system/01_Base_system.sdk/.sdk/launch_scripts/xilinx_c-c++_application_(system_debugger)/system_debugger_using_debug_helloworld.elf_on_local.tcl'
14:09:01 INFO  : Invoking Bootgen: bootgen -image HelloWorld.bif -arch zynq -o /home/pabele/programming/fpga/2018.3/zynqberry_7007S/Base_system_for_lab/01_Base_system/01_Base_system.sdk/HelloWorld/bootimage/BOOT.bin
14:09:01 INFO  : Creating new bif file /home/pabele/programming/fpga/2018.3/zynqberry_7007S/Base_system_for_lab/01_Base_system/01_Base_system.sdk/HelloWorld/bootimage/HelloWorld.bif
14:09:02 INFO  : Bootgen command execution is done.
14:12:29 INFO  : Disconnected from the channel tcfchan#2.
14:12:31 INFO  : 'targets -set -filter {jtag_cable_name =~ "JTAG-ONB4 251633000000A" && level==0} -index 1' command is executed.
14:12:31 INFO  : 'fpga -state' command is executed.
14:12:32 INFO  : Connected to target on host '127.0.0.1' and port '3121'.
14:12:32 INFO  : Jtag cable 'JTAG-ONB4 251633000000A' is selected.
14:12:32 INFO  : 'jtag frequency' command is executed.
14:12:32 INFO  : Sourcing of '/home/pabele/programming/fpga/2018.3/zynqberry_7007S/Base_system_for_lab/01_Base_system/01_Base_system.sdk/top_hw_platform_0/ps7_init.tcl' is done.
14:12:32 INFO  : Context for 'APU' is selected.
14:12:33 INFO  : Hardware design information is loaded from '/home/pabele/programming/fpga/2018.3/zynqberry_7007S/Base_system_for_lab/01_Base_system/01_Base_system.sdk/top_hw_platform_0/system.hdf'.
14:12:33 INFO  : 'configparams force-mem-access 1' command is executed.
14:12:33 INFO  : Context for 'APU' is selected.
14:12:33 INFO  : 'stop' command is executed.
14:12:33 INFO  : 'ps7_init' command is executed.
14:12:33 INFO  : 'ps7_post_config' command is executed.
14:12:33 INFO  : Context for processor 'ps7_cortexa9_0' is selected.
14:12:33 INFO  : Processor reset is completed for 'ps7_cortexa9_0'.
14:12:33 INFO  : Context for processor 'ps7_cortexa9_0' is selected.
14:12:34 INFO  : The application '/home/pabele/programming/fpga/2018.3/zynqberry_7007S/Base_system_for_lab/01_Base_system/01_Base_system.sdk/HelloWorld/Debug/HelloWorld.elf' is downloaded to processor 'ps7_cortexa9_0'.
14:12:34 INFO  : 'configparams force-mem-access 0' command is executed.
14:12:34 INFO  : ----------------XSDB Script----------------
connect -url tcp:127.0.0.1:3121
source /home/pabele/programming/fpga/2018.3/zynqberry_7007S/Base_system_for_lab/01_Base_system/01_Base_system.sdk/top_hw_platform_0/ps7_init.tcl
targets -set -nocase -filter {name =~"APU*" && jtag_cable_name =~ "JTAG-ONB4 251633000000A"} -index 0
loadhw -hw /home/pabele/programming/fpga/2018.3/zynqberry_7007S/Base_system_for_lab/01_Base_system/01_Base_system.sdk/top_hw_platform_0/system.hdf -mem-ranges [list {0x40000000 0xbfffffff}]
configparams force-mem-access 1
targets -set -nocase -filter {name =~"APU*" && jtag_cable_name =~ "JTAG-ONB4 251633000000A"} -index 0
stop
ps7_init
ps7_post_config
targets -set -nocase -filter {name =~ "ARM*#0" && jtag_cable_name =~ "JTAG-ONB4 251633000000A"} -index 0
rst -processor
targets -set -nocase -filter {name =~ "ARM*#0" && jtag_cable_name =~ "JTAG-ONB4 251633000000A"} -index 0
dow /home/pabele/programming/fpga/2018.3/zynqberry_7007S/Base_system_for_lab/01_Base_system/01_Base_system.sdk/HelloWorld/Debug/HelloWorld.elf
configparams force-mem-access 0
----------------End of Script----------------

14:12:34 INFO  : Memory regions updated for context APU
14:12:34 INFO  : Context for processor 'ps7_cortexa9_0' is selected.
14:12:34 INFO  : 'con' command is executed.
14:12:34 INFO  : ----------------XSDB Script (After Launch)----------------
targets -set -nocase -filter {name =~ "ARM*#0" && jtag_cable_name =~ "JTAG-ONB4 251633000000A"} -index 0
con
----------------End of Script----------------

14:12:34 INFO  : Launch script is exported to file '/home/pabele/programming/fpga/2018.3/zynqberry_7007S/Base_system_for_lab/01_Base_system/01_Base_system.sdk/.sdk/launch_scripts/xilinx_c-c++_application_(system_debugger)/system_debugger_using_debug_helloworld.elf_on_local.tcl'
14:13:16 INFO  : Invoking Bootgen: bootgen -image HelloWorld.bif -arch zynq -o /home/pabele/programming/fpga/2018.3/zynqberry_7007S/Base_system_for_lab/01_Base_system/01_Base_system.sdk/HelloWorld/bootimage/BOOT.mcs
14:13:16 INFO  : Overwriting existing bif file /home/pabele/programming/fpga/2018.3/zynqberry_7007S/Base_system_for_lab/01_Base_system/01_Base_system.sdk/HelloWorld/bootimage/HelloWorld.bif
14:13:17 INFO  : Bootgen command execution is done.
14:14:42 INFO  : Disconnected from the channel tcfchan#3.
14:14:43 INFO  : 'targets -set -filter {jtag_cable_name =~ "JTAG-ONB4 251633000000A" && level==0} -index 1' command is executed.
14:14:43 INFO  : 'fpga -state' command is executed.
14:14:45 INFO  : Connected to target on host '127.0.0.1' and port '3121'.
14:14:45 INFO  : Jtag cable 'JTAG-ONB4 251633000000A' is selected.
14:14:45 INFO  : 'jtag frequency' command is executed.
14:14:45 INFO  : Sourcing of '/home/pabele/programming/fpga/2018.3/zynqberry_7007S/Base_system_for_lab/01_Base_system/01_Base_system.sdk/top_hw_platform_0/ps7_init.tcl' is done.
14:14:45 INFO  : Context for 'APU' is selected.
14:14:46 INFO  : Hardware design information is loaded from '/home/pabele/programming/fpga/2018.3/zynqberry_7007S/Base_system_for_lab/01_Base_system/01_Base_system.sdk/top_hw_platform_0/system.hdf'.
14:14:46 INFO  : 'configparams force-mem-access 1' command is executed.
14:14:46 INFO  : Context for 'APU' is selected.
14:14:46 INFO  : 'stop' command is executed.
14:14:46 INFO  : 'ps7_init' command is executed.
14:14:46 INFO  : 'ps7_post_config' command is executed.
14:14:46 INFO  : Context for processor 'ps7_cortexa9_0' is selected.
14:14:46 INFO  : Processor reset is completed for 'ps7_cortexa9_0'.
14:14:46 INFO  : Context for processor 'ps7_cortexa9_0' is selected.
14:14:46 INFO  : The application '/home/pabele/programming/fpga/2018.3/zynqberry_7007S/Base_system_for_lab/01_Base_system/01_Base_system.sdk/HelloWorld/Debug/HelloWorld.elf' is downloaded to processor 'ps7_cortexa9_0'.
14:14:46 INFO  : 'configparams force-mem-access 0' command is executed.
14:14:46 INFO  : ----------------XSDB Script----------------
connect -url tcp:127.0.0.1:3121
source /home/pabele/programming/fpga/2018.3/zynqberry_7007S/Base_system_for_lab/01_Base_system/01_Base_system.sdk/top_hw_platform_0/ps7_init.tcl
targets -set -nocase -filter {name =~"APU*" && jtag_cable_name =~ "JTAG-ONB4 251633000000A"} -index 0
loadhw -hw /home/pabele/programming/fpga/2018.3/zynqberry_7007S/Base_system_for_lab/01_Base_system/01_Base_system.sdk/top_hw_platform_0/system.hdf -mem-ranges [list {0x40000000 0xbfffffff}]
configparams force-mem-access 1
targets -set -nocase -filter {name =~"APU*" && jtag_cable_name =~ "JTAG-ONB4 251633000000A"} -index 0
stop
ps7_init
ps7_post_config
targets -set -nocase -filter {name =~ "ARM*#0" && jtag_cable_name =~ "JTAG-ONB4 251633000000A"} -index 0
rst -processor
targets -set -nocase -filter {name =~ "ARM*#0" && jtag_cable_name =~ "JTAG-ONB4 251633000000A"} -index 0
dow /home/pabele/programming/fpga/2018.3/zynqberry_7007S/Base_system_for_lab/01_Base_system/01_Base_system.sdk/HelloWorld/Debug/HelloWorld.elf
configparams force-mem-access 0
----------------End of Script----------------

14:14:46 INFO  : Memory regions updated for context APU
14:14:46 INFO  : Context for processor 'ps7_cortexa9_0' is selected.
14:14:46 INFO  : 'con' command is executed.
14:14:46 INFO  : ----------------XSDB Script (After Launch)----------------
targets -set -nocase -filter {name =~ "ARM*#0" && jtag_cable_name =~ "JTAG-ONB4 251633000000A"} -index 0
con
----------------End of Script----------------

14:14:46 INFO  : Launch script is exported to file '/home/pabele/programming/fpga/2018.3/zynqberry_7007S/Base_system_for_lab/01_Base_system/01_Base_system.sdk/.sdk/launch_scripts/xilinx_c-c++_application_(system_debugger)/system_debugger_using_debug_helloworld.elf_on_local.tcl'
14:16:11 INFO  : Invoking Bootgen: bootgen -image HelloWorld.bif -arch zynq -o /home/pabele/programming/fpga/2018.3/zynqberry_7007S/Base_system_for_lab/01_Base_system/01_Base_system.sdk/HelloWorld/bootimage/BOOT_01.mcs
14:16:11 INFO  : Overwriting existing bif file /home/pabele/programming/fpga/2018.3/zynqberry_7007S/Base_system_for_lab/01_Base_system/01_Base_system.sdk/HelloWorld/bootimage/HelloWorld.bif
14:16:12 INFO  : Bootgen command execution is done.
14:18:37 INFO  : Invoking Bootgen: bootgen -image HelloWorld.bif -arch zynq -o /home/pabele/programming/fpga/2018.3/zynqberry_7007S/Base_system_for_lab/01_Base_system/01_Base_system.sdk/HelloWorld/bootimage/BOOT_02.mcs
14:18:37 INFO  : Overwriting existing bif file /home/pabele/programming/fpga/2018.3/zynqberry_7007S/Base_system_for_lab/01_Base_system/01_Base_system.sdk/HelloWorld/bootimage/HelloWorld.bif
14:18:38 INFO  : Bootgen command execution is done.
14:19:50 INFO  : Disconnected from the channel tcfchan#4.
09:10:33 INFO  : Registering command handlers for SDK TCF services
09:10:34 INFO  : Launching XSCT server: xsct -n -interactive /home/pabele/programming/fpga/2018.3/zynqberry_7007S/Base_system_for_lab/01_Base_system/01_Base_system.sdk/temp_xsdb_launch_script.tcl
09:10:36 INFO  : XSCT server has started successfully.
09:10:36 INFO  : Successfully done setting XSCT server connection channel  
09:10:36 INFO  : Successfully done setting SDK workspace  
09:10:36 INFO  : Processing command line option -hwspec /home/pabele/programming/fpga/2018.3/zynqberry_7007S/Base_system_for_lab/01_Base_system/01_Base_system.sdk/top.hdf.
09:10:36 INFO  : Checking for hwspec changes in the project top_hw_platform_0.
13:14:08 INFO  : Registering command handlers for SDK TCF services
13:14:08 INFO  : Launching XSCT server: xsct -n -interactive /home/pabele/programming/fpga/2018.3/zynqberry_7007S/Base_system_for_lab/01_Base_system/01_Base_system.sdk/temp_xsdb_launch_script.tcl
13:14:10 INFO  : XSCT server has started successfully.
13:14:11 INFO  : Successfully done setting XSCT server connection channel  
13:14:11 INFO  : Successfully done setting SDK workspace  
13:14:11 INFO  : Processing command line option -hwspec /home/pabele/programming/fpga/2018.3/zynqberry_7007S/Base_system_for_lab/01_Base_system/01_Base_system.sdk/top.hdf.
13:14:11 INFO  : Checking for hwspec changes in the project top_hw_platform_0.
08:38:48 INFO  : Registering command handlers for SDK TCF services
08:38:49 INFO  : Launching XSCT server: xsct -n -interactive /home/pabele/programming/fpga/2018.3/zynqberry_7007S/Base_system_for_lab/01_Base_system/01_Base_system.sdk/temp_xsdb_launch_script.tcl
08:38:51 INFO  : XSCT server has started successfully.
08:38:51 INFO  : Successfully done setting XSCT server connection channel  
08:38:51 INFO  : Successfully done setting SDK workspace  
08:38:51 INFO  : Processing command line option -hwspec /home/pabele/programming/fpga/2018.3/zynqberry_7007S/Base_system_for_lab/01_Base_system/01_Base_system.sdk/top.hdf.
08:38:51 INFO  : Checking for hwspec changes in the project top_hw_platform_0.
08:39:59 INFO  : Invoking Bootgen: bootgen -image HelloWorld.bif -arch zynq -o /home/pabele/programming/fpga/2018.3/zynqberry_7007S/Base_system_for_lab/01_Base_system/01_Base_system.sdk/HelloWorld/bootimage/BOOT_07.mcs
08:39:59 INFO  : Overwriting existing bif file /home/pabele/programming/fpga/2018.3/zynqberry_7007S/Base_system_for_lab/01_Base_system/01_Base_system.sdk/HelloWorld/bootimage/HelloWorld.bif
08:40:00 INFO  : Bootgen command execution is done.
13:50:05 INFO  : Invoking Bootgen: bootgen -image HelloWorld.bif -arch zynq -o /home/pabele/programming/fpga/2018.3/zynqberry_7007S/Base_system_for_lab/01_Base_system/01_Base_system.sdk/HelloWorld/bootimage/BOOT.mcs -w on
13:50:06 INFO  : Bootgen command execution is done.
13:53:22 INFO  : Invoking Bootgen: bootgen -image HelloWorld.bif -arch zynq -o /home/pabele/programming/fpga/2018.3/zynqberry_7007S/Base_system_for_lab/02_Pulse_Cross_Talking/02_Pulse_Cross_Talking.sdk/HelloWorld/bootimage/BOOT.mcs -w on
13:53:23 INFO  : Bootgen command execution is done.
13:57:05 INFO  : Invoking Bootgen: bootgen -image output.bif -arch zynq -o /home/pabele/programming/fpga/2018.3/zynqberry_7007S/Base_system_for_lab/02_Pulse_Cross_Talking/02_Pulse_Cross_Talking.sdk/HelloWorld/bootimage/BOOT.mcs -w on
13:57:05 INFO  : Creating new bif file /home/pabele/programming/fpga/2018.3/zynqberry_7007S/Base_system_for_lab/02_Pulse_Cross_Talking/02_Pulse_Cross_Talking.sdk/HelloWorld/bootimage/output.bif
13:57:06 INFO  : Bootgen command execution is done.
13:58:53 INFO  : Invoking Bootgen: bootgen -image HelloWorld.bif -arch zynq -o /home/pabele/programming/fpga/2018.3/zynqberry_7007S/Base_system_for_lab/02_Pulse_Cross_Talking/02_Pulse_Cross_Talking.sdk/HelloWorld/bootimage/BOOT.mcs -w on
13:58:54 INFO  : Bootgen command execution is done.
14:00:53 INFO  : Invoking Bootgen: bootgen -image HelloWorld.bif -arch zynq -o /home/pabele/programming/fpga/2018.3/zynqberry_7007S/Base_system_for_lab/02_Pulse_Cross_Talking/02_Pulse_Cross_Talking.sdk/HelloWorld/bootimage/BOOT.mcs -w on
14:00:53 INFO  : Overwriting existing bif file /home/pabele/programming/fpga/2018.3/zynqberry_7007S/Base_system_for_lab/02_Pulse_Cross_Talking/02_Pulse_Cross_Talking.sdk/HelloWorld/bootimage/HelloWorld.bif
14:00:54 INFO  : Bootgen command execution is done.
14:09:31 INFO  : Registering command handlers for SDK TCF services
14:09:32 INFO  : Launching XSCT server: xsct -n -interactive /home/pabele/programming/fpga/2018.3/zynqberry_7007S/Base_system_for_lab/01_Base_system/01_Base_system.sdk/temp_xsdb_launch_script.tcl
14:09:34 INFO  : XSCT server has started successfully.
14:09:35 INFO  : Processing command line option -hwspec /home/pabele/programming/fpga/2018.3/zynqberry_7007S/Base_system_for_lab/01_Base_system/01_Base_system.sdk/top.hdf.
14:09:35 INFO  : Successfully done setting XSCT server connection channel  
14:09:35 INFO  : Successfully done setting SDK workspace  
14:09:36 INFO  : Checking for hwspec changes in the project top_hw_platform_0.
14:09:36 INFO  : SDK has detected change in the last modified timestamps for source hardware specification file Source:1601554133000,  Project:1600182693000
14:09:36 INFO  : The hardware specification for project 'top_hw_platform_0' is different from /home/pabele/programming/fpga/2018.3/zynqberry_7007S/Base_system_for_lab/01_Base_system/01_Base_system.sdk/top.hdf.
14:09:36 INFO  : Copied contents of /home/pabele/programming/fpga/2018.3/zynqberry_7007S/Base_system_for_lab/01_Base_system/01_Base_system.sdk/top.hdf into /top_hw_platform_0/system.hdf.
14:09:39 INFO  : Synchronizing projects in the workspace with the hardware platform specification changes.
14:09:40 INFO  : 
14:09:41 INFO  : 
14:09:41 INFO  : 
14:09:42 INFO  : Updating hardware inferred compiler options for HelloWorld.
14:09:43 INFO  : Updating hardware inferred compiler options for jtag_flash_fsbl.
14:09:44 INFO  : Updating hardware inferred compiler options for zynq_fsbl.
14:09:44 INFO  : Clearing existing target manager status.
14:09:44 INFO  : Workspace synchronized with the new hardware specification file. Cleaning dependent projects...
14:09:45 WARN  : Linker script will not be updated automatically. Users need to update it manually.
14:10:30 INFO  : Invoking Bootgen: bootgen -image HelloWorld.bif -arch zynq -o /home/pabele/programming/fpga/2018.3/zynqberry_7007S/Base_system_for_lab/01_Base_system/01_Base_system.sdk/HelloWorld/bootimage/BOOT.mcs -w on
14:10:31 INFO  : Bootgen command execution is done.
20:04:15 INFO  : Registering command handlers for SDK TCF services
20:04:16 INFO  : Launching XSCT server: xsct -n -interactive /home/pabele/programming/fpga/2018.3/Elektronische_Schaltungen/01_Bases_System_07S/01_Bases_System_07S.sdk/temp_xsdb_launch_script.tcl
20:04:18 INFO  : XSCT server has started successfully.
20:04:18 INFO  : Successfully done setting XSCT server connection channel  
20:04:18 INFO  : Successfully done setting SDK workspace  
20:04:18 INFO  : Processing command line option -hwspec /home/pabele/programming/fpga/2018.3/Elektronische_Schaltungen/01_Bases_System_07S/01_Bases_System_07S.sdk/top.hdf.
20:06:46 INFO  : Invoking Bootgen: bootgen -image HelloWorld.bif -arch zynq -o /home/pabele/programming/fpga/2018.3/Elektronische_Schaltungen/01_Bases_System_07S/01_Bases_System_07S.sdk/HelloWorld/bootimage/BOOT.mcs -w on
20:06:46 INFO  : Overwriting existing bif file /home/pabele/programming/fpga/2018.3/Elektronische_Schaltungen/01_Bases_System_07S/01_Bases_System_07S.sdk/HelloWorld/bootimage/HelloWorld.bif
20:06:47 INFO  : Bootgen command execution is done.
20:09:23 INFO  : Invoking Bootgen: bootgen -image HelloWorld.bif -arch zynq -o /home/pabele/programming/fpga/2018.3/Elektronische_Schaltungen/01_Bases_System_07S/01_Bases_System_07S.sdk/HelloWorld/bootimage/BOOT.mcs -w on
20:09:24 INFO  : Bootgen command execution is done.
20:12:24 INFO  : Invoking Bootgen: bootgen -image HelloWorld.bif -arch zynq -o /home/pabele/programming/fpga/2018.3/Elektronische_Schaltungen/01_Bases_System_07S/01_Bases_System_07S.sdk/HelloWorld/bootimage/BOOT.mcs -w on
20:12:25 INFO  : Bootgen command execution is done.
20:13:25 INFO  : Invoking Bootgen: bootgen -image HelloWorld.bif -arch zynq -o /home/pabele/programming/fpga/2018.3/Elektronische_Schaltungen/01_Bases_System_07S/01_Bases_System_07S.sdk/HelloWorld/bootimage/BOOT.mcs -w on
20:13:25 INFO  : Overwriting existing bif file /home/pabele/programming/fpga/2018.3/Elektronische_Schaltungen/01_Bases_System_07S/01_Bases_System_07S.sdk/HelloWorld/bootimage/HelloWorld.bif
20:13:26 INFO  : Bootgen command execution is done.
20:16:40 INFO  : Invoking Bootgen: bootgen -image HelloWorld.bif -arch zynq -o /home/pabele/programming/fpga/2018.3/Elektronische_Schaltungen/01_Bases_System_07S/01_Bases_System_07S.sdk/HelloWorld/bootimage/BOOT.mcs -w on
20:16:41 INFO  : Bootgen command execution is done.
20:23:53 INFO  : Registering command handlers for SDK TCF services
20:23:54 INFO  : Launching XSCT server: xsct -n -interactive /home/pabele/programming/fpga/2018.3/Elektronische_Schaltungen/01_Base_System_010/01_Base_System_010.sdk/temp_xsdb_launch_script.tcl
20:23:56 INFO  : XSCT server has started successfully.
20:23:56 INFO  : Successfully done setting XSCT server connection channel  
20:23:56 INFO  : Successfully done setting SDK workspace  
20:23:56 INFO  : Processing command line option -hwspec /home/pabele/programming/fpga/2018.3/Elektronische_Schaltungen/01_Base_System_010/01_Base_System_010.sdk/top.hdf.
20:28:39 INFO  : SDK has detected change in the last modified timestamps for source hardware specification file Source:1603391290000,  Project:1603390930000
20:28:39 INFO  : Project top_hw_platform_2's source hardware specification located at /home/pabele/programming/fpga/2018.3/Elektronische_Schaltungen/01_Base_System_010/01_Base_System_010.sdk/top.hdf is now different from the local copy.
		 The local copy will be replaced with the source specification and your workspace will be updated.
20:28:42 INFO  : Copied contents of /home/pabele/programming/fpga/2018.3/Elektronische_Schaltungen/01_Base_System_010/01_Base_System_010.sdk/top.hdf into /top_hw_platform_2/system.hdf.
20:28:43 INFO  : Synchronizing projects in the workspace with the hardware platform specification changes.
20:28:43 INFO  : Clearing existing target manager status.
20:28:43 INFO  : Workspace synchronized with the new hardware specification file. Cleaning dependent projects...
20:28:43 WARN  : Linker script will not be updated automatically. Users need to update it manually.
20:32:14 INFO  : Invoking Bootgen: bootgen -image HelloWorld.bif -arch zynq -o /home/pabele/programming/fpga/2018.3/Elektronische_Schaltungen/01_Base_System_010/01_Base_System_010.sdk/HelloWorld/bootimage/BOOT.mcs -w on
20:32:14 INFO  : Overwriting existing bif file /home/pabele/programming/fpga/2018.3/Elektronische_Schaltungen/01_Base_System_010/01_Base_System_010.sdk/HelloWorld/bootimage/HelloWorld.bif
20:32:15 INFO  : Bootgen command execution is done.
