#-----------------------------------------------------------
# Vivado v2018.2 (64-bit)
# SW Build 2258646 on Thu Jun 14 20:03:12 MDT 2018
# IP Build 2256618 on Thu Jun 14 22:10:49 MDT 2018
# Start of session at: Sun Jan 31 05:54:02 2021
# Process ID: 18008
# Current directory: C:/Users/James Kibii/OneDrive/Dokumente/Vivado/AD_DA_Exp
# Command line: vivado.exe -gui_launcher_event rodinguilauncherevent7828 C:\Users\James Kibii\OneDrive\Dokumente\Vivado\AD_DA_Exp\AD_DA_Exp.xpr
# Log file: C:/Users/James Kibii/OneDrive/Dokumente/Vivado/AD_DA_Exp/vivado.log
# Journal file: C:/Users/James Kibii/OneDrive/Dokumente/Vivado/AD_DA_Exp\vivado.jou
#-----------------------------------------------------------
start_gui
open_project {C:/Users/James Kibii/OneDrive/Dokumente/Vivado/AD_DA_Exp/AD_DA_Exp.xpr}
INFO: [Project 1-313] Project file moved from 'C:/Users/kibii/OneDrive/Studienkolleg/Vivado/AD_DA_Exp' since last save.
Scanning sources...
Finished scanning sources
INFO: [IP_Flow 19-234] Refreshing IP repositories
INFO: [IP_Flow 19-1700] Loaded user IP repository 'c:/Users/James Kibii/OneDrive/Dokumente/Vivado/Vector_Length_Mod/Vector_Length_Mod.srcs'.
INFO: [IP_Flow 19-1700] Loaded user IP repository 'c:/Users/James Kibii/OneDrive/Dokumente/Vivado/AD_Converter/AD_Converter.srcs'.
INFO: [IP_Flow 19-1700] Loaded user IP repository 'c:/Users/James Kibii/OneDrive/Dokumente/Vivado/DA_Converter/DA_Converter.srcs'.
INFO: [IP_Flow 19-2313] Loaded Vivado IP repository 'C:/Xilinx/Vivado/2018.2/data/ip'.
WARNING: [IP_Flow 19-3664] IP 'my_AD_DA_Exp_my_Vector_Length_Mod_0_0' generated file not found 'c:/Users/James Kibii/OneDrive/Users/kibii/OneDrive/Studienkolleg/Vivado/Vector_Length_Mod/Vector_Length_Mod.srcs/sources_1/new/my_Vector_Length_Mod.v'. Please regenerate to continue.
WARNING: [IP_Flow 19-3664] IP 'my_AD_DA_Exp_my_Vector_Length_Mod_0_0' generated file not found 'c:/Users/James Kibii/OneDrive/Users/kibii/OneDrive/Studienkolleg/Vivado/Vector_Length_Mod/Vector_Length_Mod.srcs/sources_1/new/my_Vector_Length_Mod.v'. Please regenerate to continue.
WARNING: [IP_Flow 19-3664] IP 'my_AD_DA_Exp_my_DA_Converter_0_0' generated file not found 'c:/Users/James Kibii/OneDrive/Users/kibii/OneDrive/Studienkolleg/Vivado/DA_Converter/DA_Converter.srcs/sources_1/new/my_DA_Converter.v'. Please regenerate to continue.
WARNING: [IP_Flow 19-3664] IP 'my_AD_DA_Exp_my_DA_Converter_0_0' generated file not found 'c:/Users/James Kibii/OneDrive/Users/kibii/OneDrive/Studienkolleg/Vivado/DA_Converter/DA_Converter.srcs/sources_1/new/my_DA_Converter.v'. Please regenerate to continue.
WARNING: [IP_Flow 19-3664] IP 'my_AD_DA_Exp_my_AD_Converter_0_0' generated file not found 'c:/Users/James Kibii/OneDrive/Users/kibii/OneDrive/Studienkolleg/Vivado/AD_Converter/AD_Converter.srcs/sources_1/new/my_AD_Converter.v'. Please regenerate to continue.
WARNING: [IP_Flow 19-3664] IP 'my_AD_DA_Exp_my_AD_Converter_0_0' generated file not found 'c:/Users/James Kibii/OneDrive/Users/kibii/OneDrive/Studienkolleg/Vivado/AD_Converter/AD_Converter.srcs/sources_1/new/my_AD_Converter.v'. Please regenerate to continue.
WARNING: [IP_Flow 19-3664] IP 'my_AD_DA_Exp_my_Vector_Length_Mod_1_0' generated file not found 'c:/Users/James Kibii/OneDrive/Users/kibii/OneDrive/Studienkolleg/Vivado/Vector_Length_Mod/Vector_Length_Mod.srcs/sources_1/new/my_Vector_Length_Mod.v'. Please regenerate to continue.
WARNING: [IP_Flow 19-3664] IP 'my_AD_DA_Exp_my_Vector_Length_Mod_1_0' generated file not found 'c:/Users/James Kibii/OneDrive/Users/kibii/OneDrive/Studienkolleg/Vivado/Vector_Length_Mod/Vector_Length_Mod.srcs/sources_1/new/my_Vector_Length_Mod.v'. Please regenerate to continue.
open_project: Time (s): cpu = 00:00:19 ; elapsed = 00:00:11 . Memory (MB): peak = 898.031 ; gain = 157.762
update_compile_order -fileset sources_1
open_bd_design {C:/Users/James Kibii/OneDrive/Dokumente/Vivado/AD_DA_Exp/AD_DA_Exp.srcs/sources_1/bd/my_AD_DA_Exp/my_AD_DA_Exp.bd}
Adding cell -- xilinx.com:user:my_Vector_Length_Mod:1.0 - my_Vector_Length_Mod_0
Adding cell -- xilinx.com:user:my_DA_Converter:1.0 - my_DA_Converter_0
Adding cell -- xilinx.com:user:my_AD_Converter:1.0 - my_AD_Converter_0
Adding cell -- xilinx.com:user:my_Vector_Length_Mod:1.0 - my_Vector_Length_Mod_1
Adding cell -- xilinx.com:ip:processing_system7:5.5 - processing_system7_0
WARNING: [BD 41-1731] Type mismatch between connected pins: /processing_system7_0/FCLK_RESET0_N(rst) and /my_DA_Converter_0/rstn_i(undef)
Successfully read diagram <my_AD_DA_Exp> from BD file <C:/Users/James Kibii/OneDrive/Dokumente/Vivado/AD_DA_Exp/AD_DA_Exp.srcs/sources_1/bd/my_AD_DA_Exp/my_AD_DA_Exp.bd>
exit
INFO: [Common 17-206] Exiting Vivado at Sun Jan 31 05:55:21 2021...
