#-----------------------------------------------------------
# Vivado v2018.2 (64-bit)
# SW Build 2258646 on Thu Jun 14 20:03:12 MDT 2018
# IP Build 2256618 on Thu Jun 14 22:10:49 MDT 2018
# Start of session at: Tue Jan 26 10:57:33 2021
# Process ID: 14892
# Current directory: C:/Users/James Kibii/OneDrive/Dokumente/Vivado/DSP_Hardware
# Command line: vivado.exe -gui_launcher_event rodinguilauncherevent15968 C:\Users\James Kibii\OneDrive\Dokumente\Vivado\DSP_Hardware\DSP_Hardware.xpr
# Log file: C:/Users/James Kibii/OneDrive/Dokumente/Vivado/DSP_Hardware/vivado.log
# Journal file: C:/Users/James Kibii/OneDrive/Dokumente/Vivado/DSP_Hardware\vivado.jou
#-----------------------------------------------------------
start_gui
open_project {C:/Users/James Kibii/OneDrive/Dokumente/Vivado/DSP_Hardware/DSP_Hardware.xpr}
INFO: [Project 1-313] Project file moved from 'C:/Users/kibii/OneDrive/Studienkolleg/Vivado/DSP_Hardware' since last save.
Scanning sources...
Finished scanning sources
INFO: [IP_Flow 19-234] Refreshing IP repositories
INFO: [IP_Flow 19-1700] Loaded user IP repository 'c:/Users/James Kibii/OneDrive/Dokumente/Vivado/DSP_Testbench/DSP_Testbench.srcs'.
INFO: [IP_Flow 19-1700] Loaded user IP repository 'c:/Users/James Kibii/OneDrive/Dokumente/Vivado/DA_Converter/DA_Converter.srcs'.
INFO: [IP_Flow 19-1700] Loaded user IP repository 'c:/Users/James Kibii/OneDrive/Dokumente/Vivado/AD_Converter/AD_Converter.srcs'.
INFO: [IP_Flow 19-1700] Loaded user IP repository 'c:/Users/James Kibii/OneDrive/Dokumente/Vivado/Vector_Length_Mod/Vector_Length_Mod.srcs'.
INFO: [IP_Flow 19-2313] Loaded Vivado IP repository 'C:/Xilinx/Vivado/2018.2/data/ip'.
WARNING: [IP_Flow 19-3664] IP 'my_DSP_Hardware_my_AD_Converter_0_0' generated file not found 'c:/Users/James Kibii/OneDrive/Users/kibii/OneDrive/Studienkolleg/Vivado/AD_Converter/AD_Converter.srcs/sources_1/new/my_AD_Converter.v'. Please regenerate to continue.
WARNING: [IP_Flow 19-3664] IP 'my_DSP_Hardware_my_AD_Converter_0_0' generated file not found 'c:/Users/James Kibii/OneDrive/Users/kibii/OneDrive/Studienkolleg/Vivado/AD_Converter/AD_Converter.srcs/sources_1/new/my_AD_Converter.v'. Please regenerate to continue.
WARNING: [IP_Flow 19-3664] IP 'my_DSP_Hardware_my_DA_Converter_0_0' generated file not found 'c:/Users/James Kibii/OneDrive/Users/kibii/OneDrive/Studienkolleg/Vivado/DA_Converter/DA_Converter.srcs/sources_1/new/my_DA_Converter.v'. Please regenerate to continue.
WARNING: [IP_Flow 19-3664] IP 'my_DSP_Hardware_my_DA_Converter_0_0' generated file not found 'c:/Users/James Kibii/OneDrive/Users/kibii/OneDrive/Studienkolleg/Vivado/DA_Converter/DA_Converter.srcs/sources_1/new/my_DA_Converter.v'. Please regenerate to continue.
WARNING: [IP_Flow 19-3664] IP 'my_DSP_Hardware_my_Vector_Length_Mod_0_0' generated file not found 'c:/Users/James Kibii/OneDrive/Users/kibii/OneDrive/Studienkolleg/Vivado/Vector_Length_Mod/Vector_Length_Mod.srcs/sources_1/new/my_Vector_Length_Mod.v'. Please regenerate to continue.
WARNING: [IP_Flow 19-3664] IP 'my_DSP_Hardware_my_Vector_Length_Mod_0_0' generated file not found 'c:/Users/James Kibii/OneDrive/Users/kibii/OneDrive/Studienkolleg/Vivado/Vector_Length_Mod/Vector_Length_Mod.srcs/sources_1/new/my_Vector_Length_Mod.v'. Please regenerate to continue.
WARNING: [IP_Flow 19-3664] IP 'my_DSP_Hardware_my_Vector_Length_Mod_1_0' generated file not found 'c:/Users/James Kibii/OneDrive/Users/kibii/OneDrive/Studienkolleg/Vivado/Vector_Length_Mod/Vector_Length_Mod.srcs/sources_1/new/my_Vector_Length_Mod.v'. Please regenerate to continue.
WARNING: [IP_Flow 19-3664] IP 'my_DSP_Hardware_my_Vector_Length_Mod_1_0' generated file not found 'c:/Users/James Kibii/OneDrive/Users/kibii/OneDrive/Studienkolleg/Vivado/Vector_Length_Mod/Vector_Length_Mod.srcs/sources_1/new/my_Vector_Length_Mod.v'. Please regenerate to continue.
WARNING: [IP_Flow 19-3664] IP 'my_DSP_Hardware_my_Vector_Length_Mod_2_0' generated file not found 'c:/Users/James Kibii/OneDrive/Users/kibii/OneDrive/Studienkolleg/Vivado/Vector_Length_Mod/Vector_Length_Mod.srcs/sources_1/new/my_Vector_Length_Mod.v'. Please regenerate to continue.
WARNING: [IP_Flow 19-3664] IP 'my_DSP_Hardware_my_Vector_Length_Mod_2_0' generated file not found 'c:/Users/James Kibii/OneDrive/Users/kibii/OneDrive/Studienkolleg/Vivado/Vector_Length_Mod/Vector_Length_Mod.srcs/sources_1/new/my_Vector_Length_Mod.v'. Please regenerate to continue.
WARNING: [IP_Flow 19-3664] IP 'my_DSP_Hardware_my_Vector_Length_Mod_3_0' generated file not found 'c:/Users/James Kibii/OneDrive/Users/kibii/OneDrive/Studienkolleg/Vivado/Vector_Length_Mod/Vector_Length_Mod.srcs/sources_1/new/my_Vector_Length_Mod.v'. Please regenerate to continue.
WARNING: [IP_Flow 19-3664] IP 'my_DSP_Hardware_my_Vector_Length_Mod_3_0' generated file not found 'c:/Users/James Kibii/OneDrive/Users/kibii/OneDrive/Studienkolleg/Vivado/Vector_Length_Mod/Vector_Length_Mod.srcs/sources_1/new/my_Vector_Length_Mod.v'. Please regenerate to continue.
open_project: Time (s): cpu = 00:00:38 ; elapsed = 00:00:19 . Memory (MB): peak = 903.398 ; gain = 166.730
update_compile_order -fileset sources_1
exit
INFO: [Common 17-206] Exiting Vivado at Tue Jan 26 10:59:13 2021...
