Copyright 1986-2018 Xilinx, Inc. All Rights Reserved.
---------------------------------------------------------------------------------------------------
| Tool Version : Vivado v.2018.3 (lin64) Build 2405991 Thu Dec  6 23:36:41 MST 2018
| Date         : Thu Oct 22 20:27:59 2020
| Host         : pabele-ThinkPad-T490 running 64-bit Ubuntu 18.04.5 LTS
| Command      : report_drc -file top_drc_routed.rpt -pb top_drc_routed.pb -rpx top_drc_routed.rpx
| Design       : top
| Device       : xc7z010clg225-1
| Speed File   : -1
| Design State : Fully Routed
---------------------------------------------------------------------------------------------------

Report DRC

Table of Contents
-----------------
1. REPORT SUMMARY
2. REPORT DETAILS

1. REPORT SUMMARY
-----------------
            Netlist: netlist
          Floorplan: design_1
      Design limits: <entire design considered>
           Ruledeck: default
             Max violations: <unlimited>
             Violations found: 16
+--------+----------+--------------------------+------------+
| Rule   | Severity | Description              | Violations |
+--------+----------+--------------------------+------------+
| BUFC-1 | Warning  | Input Buffer Connections | 16         |
+--------+----------+--------------------------+------------+

2. REPORT DETAILS
-----------------
BUFC-1#1 Warning
Input Buffer Connections  
Input buffer exp_iobuf[0].i_iobufn/IBUF (in exp_iobuf[0].i_iobufn macro) has no loads. It is recommended to have an input buffer drive an internal load.
Related violations: <none>

BUFC-1#2 Warning
Input Buffer Connections  
Input buffer exp_iobuf[0].i_iobufp/IBUF (in exp_iobuf[0].i_iobufp macro) has no loads. It is recommended to have an input buffer drive an internal load.
Related violations: <none>

BUFC-1#3 Warning
Input Buffer Connections  
Input buffer exp_iobuf[1].i_iobufn/IBUF (in exp_iobuf[1].i_iobufn macro) has no loads. It is recommended to have an input buffer drive an internal load.
Related violations: <none>

BUFC-1#4 Warning
Input Buffer Connections  
Input buffer exp_iobuf[1].i_iobufp/IBUF (in exp_iobuf[1].i_iobufp macro) has no loads. It is recommended to have an input buffer drive an internal load.
Related violations: <none>

BUFC-1#5 Warning
Input Buffer Connections  
Input buffer exp_iobuf[2].i_iobufn/IBUF (in exp_iobuf[2].i_iobufn macro) has no loads. It is recommended to have an input buffer drive an internal load.
Related violations: <none>

BUFC-1#6 Warning
Input Buffer Connections  
Input buffer exp_iobuf[2].i_iobufp/IBUF (in exp_iobuf[2].i_iobufp macro) has no loads. It is recommended to have an input buffer drive an internal load.
Related violations: <none>

BUFC-1#7 Warning
Input Buffer Connections  
Input buffer exp_iobuf[3].i_iobufn/IBUF (in exp_iobuf[3].i_iobufn macro) has no loads. It is recommended to have an input buffer drive an internal load.
Related violations: <none>

BUFC-1#8 Warning
Input Buffer Connections  
Input buffer exp_iobuf[3].i_iobufp/IBUF (in exp_iobuf[3].i_iobufp macro) has no loads. It is recommended to have an input buffer drive an internal load.
Related violations: <none>

BUFC-1#9 Warning
Input Buffer Connections  
Input buffer exp_iobuf[4].i_iobufn/IBUF (in exp_iobuf[4].i_iobufn macro) has no loads. It is recommended to have an input buffer drive an internal load.
Related violations: <none>

BUFC-1#10 Warning
Input Buffer Connections  
Input buffer exp_iobuf[4].i_iobufp/IBUF (in exp_iobuf[4].i_iobufp macro) has no loads. It is recommended to have an input buffer drive an internal load.
Related violations: <none>

BUFC-1#11 Warning
Input Buffer Connections  
Input buffer exp_iobuf[5].i_iobufn/IBUF (in exp_iobuf[5].i_iobufn macro) has no loads. It is recommended to have an input buffer drive an internal load.
Related violations: <none>

BUFC-1#12 Warning
Input Buffer Connections  
Input buffer exp_iobuf[5].i_iobufp/IBUF (in exp_iobuf[5].i_iobufp macro) has no loads. It is recommended to have an input buffer drive an internal load.
Related violations: <none>

BUFC-1#13 Warning
Input Buffer Connections  
Input buffer exp_iobuf[6].i_iobufn/IBUF (in exp_iobuf[6].i_iobufn macro) has no loads. It is recommended to have an input buffer drive an internal load.
Related violations: <none>

BUFC-1#14 Warning
Input Buffer Connections  
Input buffer exp_iobuf[6].i_iobufp/IBUF (in exp_iobuf[6].i_iobufp macro) has no loads. It is recommended to have an input buffer drive an internal load.
Related violations: <none>

BUFC-1#15 Warning
Input Buffer Connections  
Input buffer exp_iobuf[7].i_iobufn/IBUF (in exp_iobuf[7].i_iobufn macro) has no loads. It is recommended to have an input buffer drive an internal load.
Related violations: <none>

BUFC-1#16 Warning
Input Buffer Connections  
Input buffer exp_iobuf[7].i_iobufp/IBUF (in exp_iobuf[7].i_iobufp macro) has no loads. It is recommended to have an input buffer drive an internal load.
Related violations: <none>


