Copyright 1986-2018 Xilinx, Inc. All Rights Reserved.
-----------------------------------------------------------------------------------------------------------------------------------------------
| Tool Version : Vivado v.2018.3 (lin64) Build 2405991 Thu Dec  6 23:36:41 MST 2018
| Date         : Thu Oct 22 20:28:00 2020
| Host         : pabele-ThinkPad-T490 running 64-bit Ubuntu 18.04.5 LTS
| Command      : report_methodology -file top_methodology_drc_routed.rpt -pb top_methodology_drc_routed.pb -rpx top_methodology_drc_routed.rpx
| Design       : top
| Device       : xc7z010clg225-1
| Speed File   : -1
| Design State : Fully Routed
-----------------------------------------------------------------------------------------------------------------------------------------------

Report Methodology

Table of Contents
-----------------
1. REPORT SUMMARY
2. REPORT DETAILS

1. REPORT SUMMARY
-----------------
            Netlist: netlist
          Floorplan: design_1
      Design limits: <entire design considered>
             Max violations: <unlimited>
             Violations found: 16
+-----------+----------+-------------------------------+------------+
| Rule      | Severity | Description                   | Violations |
+-----------+----------+-------------------------------+------------+
| TIMING-18 | Warning  | Missing input or output delay | 16         |
+-----------+----------+-------------------------------+------------+

2. REPORT DETAILS
-----------------
TIMING-18#1 Warning
Missing input or output delay  
An input delay is missing on exp_n_io[0] relative to clock(s) clk_fpga_2
Related violations: <none>

TIMING-18#2 Warning
Missing input or output delay  
An input delay is missing on exp_n_io[1] relative to clock(s) clk_fpga_2
Related violations: <none>

TIMING-18#3 Warning
Missing input or output delay  
An input delay is missing on exp_n_io[2] relative to clock(s) clk_fpga_2
Related violations: <none>

TIMING-18#4 Warning
Missing input or output delay  
An input delay is missing on exp_n_io[3] relative to clock(s) clk_fpga_2
Related violations: <none>

TIMING-18#5 Warning
Missing input or output delay  
An input delay is missing on exp_n_io[4] relative to clock(s) clk_fpga_2
Related violations: <none>

TIMING-18#6 Warning
Missing input or output delay  
An input delay is missing on exp_n_io[5] relative to clock(s) clk_fpga_2
Related violations: <none>

TIMING-18#7 Warning
Missing input or output delay  
An input delay is missing on exp_n_io[6] relative to clock(s) clk_fpga_2
Related violations: <none>

TIMING-18#8 Warning
Missing input or output delay  
An input delay is missing on exp_n_io[7] relative to clock(s) clk_fpga_2
Related violations: <none>

TIMING-18#9 Warning
Missing input or output delay  
An input delay is missing on exp_p_io[0] relative to clock(s) clk_fpga_1
Related violations: <none>

TIMING-18#10 Warning
Missing input or output delay  
An input delay is missing on exp_p_io[1] relative to clock(s) clk_fpga_1
Related violations: <none>

TIMING-18#11 Warning
Missing input or output delay  
An input delay is missing on exp_p_io[2] relative to clock(s) clk_fpga_1
Related violations: <none>

TIMING-18#12 Warning
Missing input or output delay  
An input delay is missing on exp_p_io[3] relative to clock(s) clk_fpga_1
Related violations: <none>

TIMING-18#13 Warning
Missing input or output delay  
An input delay is missing on exp_p_io[4] relative to clock(s) clk_fpga_1
Related violations: <none>

TIMING-18#14 Warning
Missing input or output delay  
An input delay is missing on exp_p_io[5] relative to clock(s) clk_fpga_1
Related violations: <none>

TIMING-18#15 Warning
Missing input or output delay  
An input delay is missing on exp_p_io[6] relative to clock(s) clk_fpga_1
Related violations: <none>

TIMING-18#16 Warning
Missing input or output delay  
An input delay is missing on exp_p_io[7] relative to clock(s) clk_fpga_1
Related violations: <none>


