#-----------------------------------------------------------
# Vivado v2018.2 (64-bit)
# SW Build 2258646 on Thu Jun 14 20:03:12 MDT 2018
# IP Build 2256618 on Thu Jun 14 22:10:49 MDT 2018
# Start of session at: Wed Jan  6 01:47:41 2021
# Process ID: 15348
# Current directory: C:/Users/kibii/OneDrive/Studienkolleg/Vivado/Addierer
# Command line: vivado.exe -gui_launcher_event rodinguilauncherevent1760 C:\Users\kibii\OneDrive\Studienkolleg\Vivado\Addierer\Addierer.xpr
# Log file: C:/Users/kibii/OneDrive/Studienkolleg/Vivado/Addierer/vivado.log
# Journal file: C:/Users/kibii/OneDrive/Studienkolleg/Vivado/Addierer\vivado.jou
#-----------------------------------------------------------
start_gui
open_project C:/Users/kibii/OneDrive/Studienkolleg/Vivado/Addierer/Addierer.xpr
Scanning sources...
Finished scanning sources
INFO: [IP_Flow 19-234] Refreshing IP repositories
INFO: [IP_Flow 19-1704] No user IP repositories specified
INFO: [IP_Flow 19-2313] Loaded Vivado IP repository 'C:/Xilinx/Vivado/2018.2/data/ip'.
open_project: Time (s): cpu = 00:00:25 ; elapsed = 00:00:11 . Memory (MB): peak = 804.742 ; gain = 71.180
update_compile_order -fileset sources_1
launch_simulation
INFO: [Vivado 12-5682] Launching behavioral simulation in 'C:/Users/kibii/OneDrive/Studienkolleg/Vivado/Addierer/Addierer.sim/sim_1/behav/xsim'
INFO: [SIM-utils-51] Simulation object is 'sim_1'
INFO: [SIM-utils-54] Inspecting design source files for 'Adder_tb' in fileset 'sim_1'...
INFO: [USF-XSim-97] Finding global include files...
INFO: [USF-XSim-98] Fetching design files from 'sim_1'...
INFO: [USF-XSim-2] XSim::Compile design
INFO: [USF-XSim-61] Executing 'COMPILE and ANALYZE' step in 'C:/Users/kibii/OneDrive/Studienkolleg/Vivado/Addierer/Addierer.sim/sim_1/behav/xsim'
"xvlog --incr --relax -prj Adder_tb_vlog.prj"
INFO: [USF-XSim-69] 'compile' step finished in '2' seconds
INFO: [USF-XSim-3] XSim::Elaborate design
INFO: [USF-XSim-61] Executing 'ELABORATE' step in 'C:/Users/kibii/OneDrive/Studienkolleg/Vivado/Addierer/Addierer.sim/sim_1/behav/xsim'
Vivado Simulator 2018.2
Copyright 1986-1999, 2001-2018 Xilinx, Inc. All Rights Reserved.
Running: C:/Xilinx/Vivado/2018.2/bin/unwrapped/win64.o/xelab.exe -wto 2ce4bc399f4443ddb773d1c929abb584 --incr --debug typical --relax --mt 2 -L xil_defaultlib -L unisims_ver -L unimacro_ver -L secureip --snapshot Adder_tb_behav xil_defaultlib.Adder_tb xil_defaultlib.glbl -log elaborate.log 
Using 2 slave threads.
Starting static elaboration
Completed static elaboration
INFO: [XSIM 43-4323] No Change in HDL. Linking previously generated obj files to create kernel
INFO: [USF-XSim-69] 'elaborate' step finished in '3' seconds
INFO: [USF-XSim-4] XSim::Simulate design
INFO: [USF-XSim-61] Executing 'SIMULATE' step in 'C:/Users/kibii/OneDrive/Studienkolleg/Vivado/Addierer/Addierer.sim/sim_1/behav/xsim'
INFO: [USF-XSim-98] *** Running xsim
   with args "Adder_tb_behav -key {Behavioral:sim_1:Functional:Adder_tb} -tclbatch {Adder_tb.tcl} -log {simulate.log}"
INFO: [USF-XSim-8] Loading simulator feature
Vivado Simulator 2018.2
Time resolution is 1 ps
source Adder_tb.tcl
# set curr_wave [current_wave_config]
# if { [string length $curr_wave] == 0 } {
#   if { [llength [get_objects]] > 0} {
#     add_wave /
#     set_property needs_save false [current_wave_config]
#   } else {
#      send_msg_id Add_Wave-1 WARNING "No top level signals found. Simulator will start without a wave window. If you want to open a wave window go to 'File->New Waveform Configuration' or type 'create_wave_config' in the TCL console."
#   }
# }
# run 1000ns
INFO: [USF-XSim-96] XSim completed. Design snapshot 'Adder_tb_behav' loaded.
INFO: [USF-XSim-97] XSim simulation ran for 1000ns
launch_simulation: Time (s): cpu = 00:00:15 ; elapsed = 00:00:13 . Memory (MB): peak = 832.844 ; gain = 18.500
close_sim
INFO: [Simtcl 6-16] Simulation closed
close_sim: Time (s): cpu = 00:00:02 ; elapsed = 00:00:06 . Memory (MB): peak = 835.996 ; gain = 3.152
launch_simulation
INFO: [Vivado 12-5682] Launching behavioral simulation in 'C:/Users/kibii/OneDrive/Studienkolleg/Vivado/Addierer/Addierer.sim/sim_1/behav/xsim'
INFO: [SIM-utils-51] Simulation object is 'sim_1'
INFO: [SIM-utils-54] Inspecting design source files for 'Adder_tb' in fileset 'sim_1'...
INFO: [USF-XSim-97] Finding global include files...
INFO: [USF-XSim-98] Fetching design files from 'sim_1'...
INFO: [USF-XSim-2] XSim::Compile design
INFO: [USF-XSim-61] Executing 'COMPILE and ANALYZE' step in 'C:/Users/kibii/OneDrive/Studienkolleg/Vivado/Addierer/Addierer.sim/sim_1/behav/xsim'
"xvlog --incr --relax -prj Adder_tb_vlog.prj"
INFO: [USF-XSim-69] 'compile' step finished in '3' seconds
INFO: [USF-XSim-3] XSim::Elaborate design
INFO: [USF-XSim-61] Executing 'ELABORATE' step in 'C:/Users/kibii/OneDrive/Studienkolleg/Vivado/Addierer/Addierer.sim/sim_1/behav/xsim'
Vivado Simulator 2018.2
Copyright 1986-1999, 2001-2018 Xilinx, Inc. All Rights Reserved.
Running: C:/Xilinx/Vivado/2018.2/bin/unwrapped/win64.o/xelab.exe -wto 2ce4bc399f4443ddb773d1c929abb584 --incr --debug typical --relax --mt 2 -L xil_defaultlib -L unisims_ver -L unimacro_ver -L secureip --snapshot Adder_tb_behav xil_defaultlib.Adder_tb xil_defaultlib.glbl -log elaborate.log 
Using 2 slave threads.
Starting static elaboration
Completed static elaboration
INFO: [XSIM 43-4323] No Change in HDL. Linking previously generated obj files to create kernel
INFO: [USF-XSim-69] 'elaborate' step finished in '3' seconds
INFO: [USF-XSim-4] XSim::Simulate design
INFO: [USF-XSim-61] Executing 'SIMULATE' step in 'C:/Users/kibii/OneDrive/Studienkolleg/Vivado/Addierer/Addierer.sim/sim_1/behav/xsim'
INFO: [USF-XSim-98] *** Running xsim
   with args "Adder_tb_behav -key {Behavioral:sim_1:Functional:Adder_tb} -tclbatch {Adder_tb.tcl} -log {simulate.log}"
INFO: [USF-XSim-8] Loading simulator feature
Vivado Simulator 2018.2
Time resolution is 1 ps
source Adder_tb.tcl
# set curr_wave [current_wave_config]
# if { [string length $curr_wave] == 0 } {
#   if { [llength [get_objects]] > 0} {
#     add_wave /
#     set_property needs_save false [current_wave_config]
#   } else {
#      send_msg_id Add_Wave-1 WARNING "No top level signals found. Simulator will start without a wave window. If you want to open a wave window go to 'File->New Waveform Configuration' or type 'create_wave_config' in the TCL console."
#   }
# }
# run 1000ns
INFO: [USF-XSim-96] XSim completed. Design snapshot 'Adder_tb_behav' loaded.
INFO: [USF-XSim-97] XSim simulation ran for 1000ns
launch_simulation: Time (s): cpu = 00:00:09 ; elapsed = 00:00:09 . Memory (MB): peak = 849.020 ; gain = 0.000
close_sim
INFO: [Simtcl 6-16] Simulation closed
launch_simulation
INFO: [Vivado 12-5682] Launching behavioral simulation in 'C:/Users/kibii/OneDrive/Studienkolleg/Vivado/Addierer/Addierer.sim/sim_1/behav/xsim'
INFO: [SIM-utils-51] Simulation object is 'sim_1'
INFO: [SIM-utils-54] Inspecting design source files for 'Adder_tb' in fileset 'sim_1'...
INFO: [USF-XSim-97] Finding global include files...
INFO: [USF-XSim-98] Fetching design files from 'sim_1'...
INFO: [USF-XSim-2] XSim::Compile design
INFO: [USF-XSim-61] Executing 'COMPILE and ANALYZE' step in 'C:/Users/kibii/OneDrive/Studienkolleg/Vivado/Addierer/Addierer.sim/sim_1/behav/xsim'
"xvlog --incr --relax -prj Adder_tb_vlog.prj"
INFO: [USF-XSim-69] 'compile' step finished in '2' seconds
INFO: [USF-XSim-3] XSim::Elaborate design
INFO: [USF-XSim-61] Executing 'ELABORATE' step in 'C:/Users/kibii/OneDrive/Studienkolleg/Vivado/Addierer/Addierer.sim/sim_1/behav/xsim'
Vivado Simulator 2018.2
Copyright 1986-1999, 2001-2018 Xilinx, Inc. All Rights Reserved.
Running: C:/Xilinx/Vivado/2018.2/bin/unwrapped/win64.o/xelab.exe -wto 2ce4bc399f4443ddb773d1c929abb584 --incr --debug typical --relax --mt 2 -L xil_defaultlib -L unisims_ver -L unimacro_ver -L secureip --snapshot Adder_tb_behav xil_defaultlib.Adder_tb xil_defaultlib.glbl -log elaborate.log 
Using 2 slave threads.
Starting static elaboration
Completed static elaboration
INFO: [XSIM 43-4323] No Change in HDL. Linking previously generated obj files to create kernel
INFO: [USF-XSim-69] 'elaborate' step finished in '3' seconds
INFO: [USF-XSim-4] XSim::Simulate design
INFO: [USF-XSim-61] Executing 'SIMULATE' step in 'C:/Users/kibii/OneDrive/Studienkolleg/Vivado/Addierer/Addierer.sim/sim_1/behav/xsim'
INFO: [USF-XSim-98] *** Running xsim
   with args "Adder_tb_behav -key {Behavioral:sim_1:Functional:Adder_tb} -tclbatch {Adder_tb.tcl} -log {simulate.log}"
INFO: [USF-XSim-8] Loading simulator feature
Vivado Simulator 2018.2
Time resolution is 1 ps
source Adder_tb.tcl
# set curr_wave [current_wave_config]
# if { [string length $curr_wave] == 0 } {
#   if { [llength [get_objects]] > 0} {
#     add_wave /
#     set_property needs_save false [current_wave_config]
#   } else {
#      send_msg_id Add_Wave-1 WARNING "No top level signals found. Simulator will start without a wave window. If you want to open a wave window go to 'File->New Waveform Configuration' or type 'create_wave_config' in the TCL console."
#   }
# }
# run 1000ns
INFO: [USF-XSim-96] XSim completed. Design snapshot 'Adder_tb_behav' loaded.
INFO: [USF-XSim-97] XSim simulation ran for 1000ns
launch_simulation: Time (s): cpu = 00:00:05 ; elapsed = 00:00:08 . Memory (MB): peak = 854.484 ; gain = 0.000
close_sim
INFO: [Simtcl 6-16] Simulation closed
launch_simulation
INFO: [Vivado 12-5682] Launching behavioral simulation in 'C:/Users/kibii/OneDrive/Studienkolleg/Vivado/Addierer/Addierer.sim/sim_1/behav/xsim'
INFO: [SIM-utils-51] Simulation object is 'sim_1'
INFO: [SIM-utils-54] Inspecting design source files for 'Adder_tb' in fileset 'sim_1'...
INFO: [USF-XSim-97] Finding global include files...
INFO: [USF-XSim-98] Fetching design files from 'sim_1'...
INFO: [USF-XSim-2] XSim::Compile design
INFO: [USF-XSim-61] Executing 'COMPILE and ANALYZE' step in 'C:/Users/kibii/OneDrive/Studienkolleg/Vivado/Addierer/Addierer.sim/sim_1/behav/xsim'
"xvlog --incr --relax -prj Adder_tb_vlog.prj"
INFO: [VRFC 10-2263] Analyzing Verilog file "C:/Users/kibii/OneDrive/Studienkolleg/Vivado/Addierer/Addierer.srcs/sources_1/new/Adder.v" into library xil_defaultlib
INFO: [VRFC 10-311] analyzing module Adder
INFO: [VRFC 10-2458] undeclared symbol c_out_0, assumed default net type wire [C:/Users/kibii/OneDrive/Studienkolleg/Vivado/Addierer/Addierer.srcs/sources_1/new/Adder.v:32]
INFO: [VRFC 10-2458] undeclared symbol c_out_1, assumed default net type wire [C:/Users/kibii/OneDrive/Studienkolleg/Vivado/Addierer/Addierer.srcs/sources_1/new/Adder.v:33]
INFO: [VRFC 10-2458] undeclared symbol c_out_2, assumed default net type wire [C:/Users/kibii/OneDrive/Studienkolleg/Vivado/Addierer/Addierer.srcs/sources_1/new/Adder.v:34]
INFO: [VRFC 10-2263] Analyzing Verilog file "C:/Users/kibii/OneDrive/Studienkolleg/Vivado/Addierer/Addierer.srcs/sources_1/new/Halbaddierer.v" into library xil_defaultlib
INFO: [VRFC 10-311] analyzing module Halbaddierer
INFO: [VRFC 10-2263] Analyzing Verilog file "C:/Users/kibii/OneDrive/Studienkolleg/Vivado/Addierer/Addierer.srcs/sources_1/new/Volladdierer.v" into library xil_defaultlib
INFO: [VRFC 10-311] analyzing module Volladdierer
INFO: [VRFC 10-2263] Analyzing Verilog file "C:/Users/kibii/OneDrive/Studienkolleg/Vivado/Addierer/Addierer.srcs/sim_1/new/Adder_tb.v" into library xil_defaultlib
INFO: [VRFC 10-311] analyzing module Adder_tb
INFO: [USF-XSim-69] 'compile' step finished in '3' seconds
INFO: [USF-XSim-3] XSim::Elaborate design
INFO: [USF-XSim-61] Executing 'ELABORATE' step in 'C:/Users/kibii/OneDrive/Studienkolleg/Vivado/Addierer/Addierer.sim/sim_1/behav/xsim'
Vivado Simulator 2018.2
Copyright 1986-1999, 2001-2018 Xilinx, Inc. All Rights Reserved.
Running: C:/Xilinx/Vivado/2018.2/bin/unwrapped/win64.o/xelab.exe -wto 2ce4bc399f4443ddb773d1c929abb584 --incr --debug typical --relax --mt 2 -L xil_defaultlib -L unisims_ver -L unimacro_ver -L secureip --snapshot Adder_tb_behav xil_defaultlib.Adder_tb xil_defaultlib.glbl -log elaborate.log 
Using 2 slave threads.
Starting static elaboration
Completed static elaboration
Starting simulation data flow analysis
Completed simulation data flow analysis
Time Resolution for simulation is 1ps
Compiling module xil_defaultlib.Halbaddierer
Compiling module xil_defaultlib.Volladdierer
Compiling module xil_defaultlib.Adder
Compiling module xil_defaultlib.Adder_tb
Compiling module xil_defaultlib.glbl
Built simulation snapshot Adder_tb_behav

****** Webtalk v2018.2 (64-bit)
  **** SW Build 2258646 on Thu Jun 14 20:03:12 MDT 2018
  **** IP Build 2256618 on Thu Jun 14 22:10:49 MDT 2018
    ** Copyright 1986-2018 Xilinx, Inc. All Rights Reserved.

source C:/Users/kibii/OneDrive/Studienkolleg/Vivado/Addierer/Addierer.sim/sim_1/behav/xsim/xsim.dir/Adder_tb_behav/webtalk/xsim_webtalk.tcl -notrace
INFO: [Common 17-206] Exiting Webtalk at Wed Jan  6 01:54:07 2021...
run_program: Time (s): cpu = 00:00:00 ; elapsed = 00:00:07 . Memory (MB): peak = 857.648 ; gain = 0.000
INFO: [USF-XSim-69] 'elaborate' step finished in '7' seconds
INFO: [USF-XSim-4] XSim::Simulate design
INFO: [USF-XSim-61] Executing 'SIMULATE' step in 'C:/Users/kibii/OneDrive/Studienkolleg/Vivado/Addierer/Addierer.sim/sim_1/behav/xsim'
INFO: [USF-XSim-98] *** Running xsim
   with args "Adder_tb_behav -key {Behavioral:sim_1:Functional:Adder_tb} -tclbatch {Adder_tb.tcl} -log {simulate.log}"
INFO: [USF-XSim-8] Loading simulator feature
Vivado Simulator 2018.2
Time resolution is 1 ps
source Adder_tb.tcl
# set curr_wave [current_wave_config]
# if { [string length $curr_wave] == 0 } {
#   if { [llength [get_objects]] > 0} {
#     add_wave /
#     set_property needs_save false [current_wave_config]
#   } else {
#      send_msg_id Add_Wave-1 WARNING "No top level signals found. Simulator will start without a wave window. If you want to open a wave window go to 'File->New Waveform Configuration' or type 'create_wave_config' in the TCL console."
#   }
# }
# run 1000ns
INFO: [USF-XSim-96] XSim completed. Design snapshot 'Adder_tb_behav' loaded.
INFO: [USF-XSim-97] XSim simulation ran for 1000ns
launch_simulation: Time (s): cpu = 00:00:04 ; elapsed = 00:00:13 . Memory (MB): peak = 857.648 ; gain = 0.000
update_compile_order -fileset sim_1
update_compile_order -fileset sim_1
close_sim
INFO: [Simtcl 6-16] Simulation closed
launch_simulation
INFO: [Vivado 12-5682] Launching behavioral simulation in 'C:/Users/kibii/OneDrive/Studienkolleg/Vivado/Addierer/Addierer.sim/sim_1/behav/xsim'
INFO: [SIM-utils-51] Simulation object is 'sim_1'
INFO: [SIM-utils-54] Inspecting design source files for 'Adder_tb' in fileset 'sim_1'...
INFO: [USF-XSim-97] Finding global include files...
INFO: [USF-XSim-98] Fetching design files from 'sim_1'...
INFO: [USF-XSim-2] XSim::Compile design
INFO: [USF-XSim-61] Executing 'COMPILE and ANALYZE' step in 'C:/Users/kibii/OneDrive/Studienkolleg/Vivado/Addierer/Addierer.sim/sim_1/behav/xsim'
"xvlog --incr --relax -prj Adder_tb_vlog.prj"
INFO: [VRFC 10-2263] Analyzing Verilog file "C:/Users/kibii/OneDrive/Studienkolleg/Vivado/Addierer/Addierer.srcs/sources_1/new/Adder.v" into library xil_defaultlib
INFO: [VRFC 10-311] analyzing module Adder
INFO: [VRFC 10-2458] undeclared symbol c_out_0, assumed default net type wire [C:/Users/kibii/OneDrive/Studienkolleg/Vivado/Addierer/Addierer.srcs/sources_1/new/Adder.v:32]
INFO: [VRFC 10-2458] undeclared symbol c_out_1, assumed default net type wire [C:/Users/kibii/OneDrive/Studienkolleg/Vivado/Addierer/Addierer.srcs/sources_1/new/Adder.v:33]
INFO: [VRFC 10-2458] undeclared symbol c_out_2, assumed default net type wire [C:/Users/kibii/OneDrive/Studienkolleg/Vivado/Addierer/Addierer.srcs/sources_1/new/Adder.v:34]
INFO: [VRFC 10-2263] Analyzing Verilog file "C:/Users/kibii/OneDrive/Studienkolleg/Vivado/Addierer/Addierer.srcs/sources_1/new/Halbaddierer.v" into library xil_defaultlib
INFO: [VRFC 10-311] analyzing module Halbaddierer
INFO: [VRFC 10-2263] Analyzing Verilog file "C:/Users/kibii/OneDrive/Studienkolleg/Vivado/Addierer/Addierer.srcs/sources_1/new/Volladdierer.v" into library xil_defaultlib
INFO: [VRFC 10-311] analyzing module Volladdierer
INFO: [VRFC 10-2263] Analyzing Verilog file "C:/Users/kibii/OneDrive/Studienkolleg/Vivado/Addierer/Addierer.srcs/sim_1/new/Adder_tb.v" into library xil_defaultlib
INFO: [VRFC 10-311] analyzing module Adder_tb
INFO: [USF-XSim-69] 'compile' step finished in '3' seconds
INFO: [USF-XSim-3] XSim::Elaborate design
INFO: [USF-XSim-61] Executing 'ELABORATE' step in 'C:/Users/kibii/OneDrive/Studienkolleg/Vivado/Addierer/Addierer.sim/sim_1/behav/xsim'
Vivado Simulator 2018.2
Copyright 1986-1999, 2001-2018 Xilinx, Inc. All Rights Reserved.
Running: C:/Xilinx/Vivado/2018.2/bin/unwrapped/win64.o/xelab.exe -wto 2ce4bc399f4443ddb773d1c929abb584 --incr --debug typical --relax --mt 2 -L xil_defaultlib -L unisims_ver -L unimacro_ver -L secureip --snapshot Adder_tb_behav xil_defaultlib.Adder_tb xil_defaultlib.glbl -log elaborate.log 
Using 2 slave threads.
Starting static elaboration
Completed static elaboration
Starting simulation data flow analysis
Completed simulation data flow analysis
Time Resolution for simulation is 1ps
Compiling module xil_defaultlib.Halbaddierer
Compiling module xil_defaultlib.Volladdierer
Compiling module xil_defaultlib.Adder
Compiling module xil_defaultlib.Adder_tb
Compiling module xil_defaultlib.glbl
Built simulation snapshot Adder_tb_behav
INFO: [USF-XSim-69] 'elaborate' step finished in '3' seconds
INFO: [USF-XSim-4] XSim::Simulate design
INFO: [USF-XSim-61] Executing 'SIMULATE' step in 'C:/Users/kibii/OneDrive/Studienkolleg/Vivado/Addierer/Addierer.sim/sim_1/behav/xsim'
INFO: [USF-XSim-98] *** Running xsim
   with args "Adder_tb_behav -key {Behavioral:sim_1:Functional:Adder_tb} -tclbatch {Adder_tb.tcl} -log {simulate.log}"
INFO: [USF-XSim-8] Loading simulator feature
Vivado Simulator 2018.2
Time resolution is 1 ps
source Adder_tb.tcl
# set curr_wave [current_wave_config]
# if { [string length $curr_wave] == 0 } {
#   if { [llength [get_objects]] > 0} {
#     add_wave /
#     set_property needs_save false [current_wave_config]
#   } else {
#      send_msg_id Add_Wave-1 WARNING "No top level signals found. Simulator will start without a wave window. If you want to open a wave window go to 'File->New Waveform Configuration' or type 'create_wave_config' in the TCL console."
#   }
# }
# run 1000ns
INFO: [USF-XSim-96] XSim completed. Design snapshot 'Adder_tb_behav' loaded.
INFO: [USF-XSim-97] XSim simulation ran for 1000ns
launch_simulation: Time (s): cpu = 00:00:03 ; elapsed = 00:00:09 . Memory (MB): peak = 866.973 ; gain = 0.000
close_sim
INFO: [Simtcl 6-16] Simulation closed
launch_simulation
INFO: [Vivado 12-5682] Launching behavioral simulation in 'C:/Users/kibii/OneDrive/Studienkolleg/Vivado/Addierer/Addierer.sim/sim_1/behav/xsim'
INFO: [SIM-utils-51] Simulation object is 'sim_1'
INFO: [SIM-utils-54] Inspecting design source files for 'Adder_tb' in fileset 'sim_1'...
INFO: [USF-XSim-97] Finding global include files...
INFO: [USF-XSim-98] Fetching design files from 'sim_1'...
INFO: [USF-XSim-2] XSim::Compile design
INFO: [USF-XSim-61] Executing 'COMPILE and ANALYZE' step in 'C:/Users/kibii/OneDrive/Studienkolleg/Vivado/Addierer/Addierer.sim/sim_1/behav/xsim'
"xvlog --incr --relax -prj Adder_tb_vlog.prj"
INFO: [VRFC 10-2263] Analyzing Verilog file "C:/Users/kibii/OneDrive/Studienkolleg/Vivado/Addierer/Addierer.srcs/sources_1/new/Adder.v" into library xil_defaultlib
INFO: [VRFC 10-311] analyzing module Adder
INFO: [VRFC 10-2458] undeclared symbol c_out_0, assumed default net type wire [C:/Users/kibii/OneDrive/Studienkolleg/Vivado/Addierer/Addierer.srcs/sources_1/new/Adder.v:32]
INFO: [VRFC 10-2458] undeclared symbol c_out_1, assumed default net type wire [C:/Users/kibii/OneDrive/Studienkolleg/Vivado/Addierer/Addierer.srcs/sources_1/new/Adder.v:33]
INFO: [VRFC 10-2458] undeclared symbol c_out_2, assumed default net type wire [C:/Users/kibii/OneDrive/Studienkolleg/Vivado/Addierer/Addierer.srcs/sources_1/new/Adder.v:34]
INFO: [VRFC 10-2263] Analyzing Verilog file "C:/Users/kibii/OneDrive/Studienkolleg/Vivado/Addierer/Addierer.srcs/sources_1/new/Halbaddierer.v" into library xil_defaultlib
INFO: [VRFC 10-311] analyzing module Halbaddierer
INFO: [VRFC 10-2263] Analyzing Verilog file "C:/Users/kibii/OneDrive/Studienkolleg/Vivado/Addierer/Addierer.srcs/sources_1/new/Volladdierer.v" into library xil_defaultlib
INFO: [VRFC 10-311] analyzing module Volladdierer
INFO: [VRFC 10-2263] Analyzing Verilog file "C:/Users/kibii/OneDrive/Studienkolleg/Vivado/Addierer/Addierer.srcs/sim_1/new/Adder_tb.v" into library xil_defaultlib
INFO: [VRFC 10-311] analyzing module Adder_tb
INFO: [USF-XSim-69] 'compile' step finished in '3' seconds
INFO: [USF-XSim-3] XSim::Elaborate design
INFO: [USF-XSim-61] Executing 'ELABORATE' step in 'C:/Users/kibii/OneDrive/Studienkolleg/Vivado/Addierer/Addierer.sim/sim_1/behav/xsim'
Vivado Simulator 2018.2
Copyright 1986-1999, 2001-2018 Xilinx, Inc. All Rights Reserved.
Running: C:/Xilinx/Vivado/2018.2/bin/unwrapped/win64.o/xelab.exe -wto 2ce4bc399f4443ddb773d1c929abb584 --incr --debug typical --relax --mt 2 -L xil_defaultlib -L unisims_ver -L unimacro_ver -L secureip --snapshot Adder_tb_behav xil_defaultlib.Adder_tb xil_defaultlib.glbl -log elaborate.log 
Using 2 slave threads.
Starting static elaboration
Completed static elaboration
Starting simulation data flow analysis
Completed simulation data flow analysis
Time Resolution for simulation is 1ps
Compiling module xil_defaultlib.Halbaddierer
Compiling module xil_defaultlib.Volladdierer
Compiling module xil_defaultlib.Adder
Compiling module xil_defaultlib.Adder_tb
Compiling module xil_defaultlib.glbl
Built simulation snapshot Adder_tb_behav
INFO: [USF-XSim-69] 'elaborate' step finished in '3' seconds
INFO: [USF-XSim-4] XSim::Simulate design
INFO: [USF-XSim-61] Executing 'SIMULATE' step in 'C:/Users/kibii/OneDrive/Studienkolleg/Vivado/Addierer/Addierer.sim/sim_1/behav/xsim'
INFO: [USF-XSim-98] *** Running xsim
   with args "Adder_tb_behav -key {Behavioral:sim_1:Functional:Adder_tb} -tclbatch {Adder_tb.tcl} -log {simulate.log}"
INFO: [USF-XSim-8] Loading simulator feature
Vivado Simulator 2018.2
Time resolution is 1 ps
source Adder_tb.tcl
# set curr_wave [current_wave_config]
# if { [string length $curr_wave] == 0 } {
#   if { [llength [get_objects]] > 0} {
#     add_wave /
#     set_property needs_save false [current_wave_config]
#   } else {
#      send_msg_id Add_Wave-1 WARNING "No top level signals found. Simulator will start without a wave window. If you want to open a wave window go to 'File->New Waveform Configuration' or type 'create_wave_config' in the TCL console."
#   }
# }
# run 1000ns
INFO: [USF-XSim-96] XSim completed. Design snapshot 'Adder_tb_behav' loaded.
INFO: [USF-XSim-97] XSim simulation ran for 1000ns
launch_simulation: Time (s): cpu = 00:00:05 ; elapsed = 00:00:10 . Memory (MB): peak = 867.910 ; gain = 0.938
close_sim
INFO: [Simtcl 6-16] Simulation closed
launch_simulation
INFO: [Vivado 12-5682] Launching behavioral simulation in 'C:/Users/kibii/OneDrive/Studienkolleg/Vivado/Addierer/Addierer.sim/sim_1/behav/xsim'
INFO: [SIM-utils-51] Simulation object is 'sim_1'
INFO: [SIM-utils-54] Inspecting design source files for 'Adder_tb' in fileset 'sim_1'...
INFO: [USF-XSim-97] Finding global include files...
INFO: [USF-XSim-98] Fetching design files from 'sim_1'...
INFO: [USF-XSim-2] XSim::Compile design
INFO: [USF-XSim-61] Executing 'COMPILE and ANALYZE' step in 'C:/Users/kibii/OneDrive/Studienkolleg/Vivado/Addierer/Addierer.sim/sim_1/behav/xsim'
"xvlog --incr --relax -prj Adder_tb_vlog.prj"
INFO: [VRFC 10-2263] Analyzing Verilog file "C:/Users/kibii/OneDrive/Studienkolleg/Vivado/Addierer/Addierer.srcs/sources_1/new/Adder.v" into library xil_defaultlib
INFO: [VRFC 10-311] analyzing module Adder
INFO: [VRFC 10-2458] undeclared symbol c_out_0, assumed default net type wire [C:/Users/kibii/OneDrive/Studienkolleg/Vivado/Addierer/Addierer.srcs/sources_1/new/Adder.v:32]
INFO: [VRFC 10-2458] undeclared symbol c_out_1, assumed default net type wire [C:/Users/kibii/OneDrive/Studienkolleg/Vivado/Addierer/Addierer.srcs/sources_1/new/Adder.v:33]
INFO: [VRFC 10-2458] undeclared symbol c_out_2, assumed default net type wire [C:/Users/kibii/OneDrive/Studienkolleg/Vivado/Addierer/Addierer.srcs/sources_1/new/Adder.v:34]
INFO: [VRFC 10-2263] Analyzing Verilog file "C:/Users/kibii/OneDrive/Studienkolleg/Vivado/Addierer/Addierer.srcs/sources_1/new/Halbaddierer.v" into library xil_defaultlib
INFO: [VRFC 10-311] analyzing module Halbaddierer
INFO: [VRFC 10-2263] Analyzing Verilog file "C:/Users/kibii/OneDrive/Studienkolleg/Vivado/Addierer/Addierer.srcs/sources_1/new/Volladdierer.v" into library xil_defaultlib
INFO: [VRFC 10-311] analyzing module Volladdierer
INFO: [VRFC 10-2263] Analyzing Verilog file "C:/Users/kibii/OneDrive/Studienkolleg/Vivado/Addierer/Addierer.srcs/sim_1/new/Adder_tb.v" into library xil_defaultlib
INFO: [VRFC 10-311] analyzing module Adder_tb
INFO: [USF-XSim-69] 'compile' step finished in '3' seconds
INFO: [USF-XSim-3] XSim::Elaborate design
INFO: [USF-XSim-61] Executing 'ELABORATE' step in 'C:/Users/kibii/OneDrive/Studienkolleg/Vivado/Addierer/Addierer.sim/sim_1/behav/xsim'
Vivado Simulator 2018.2
Copyright 1986-1999, 2001-2018 Xilinx, Inc. All Rights Reserved.
Running: C:/Xilinx/Vivado/2018.2/bin/unwrapped/win64.o/xelab.exe -wto 2ce4bc399f4443ddb773d1c929abb584 --incr --debug typical --relax --mt 2 -L xil_defaultlib -L unisims_ver -L unimacro_ver -L secureip --snapshot Adder_tb_behav xil_defaultlib.Adder_tb xil_defaultlib.glbl -log elaborate.log 
Using 2 slave threads.
Starting static elaboration
Completed static elaboration
Starting simulation data flow analysis
Completed simulation data flow analysis
Time Resolution for simulation is 1ps
Compiling module xil_defaultlib.Halbaddierer
Compiling module xil_defaultlib.Volladdierer
Compiling module xil_defaultlib.Adder
Compiling module xil_defaultlib.Adder_tb
Compiling module xil_defaultlib.glbl
Built simulation snapshot Adder_tb_behav
INFO: [USF-XSim-69] 'elaborate' step finished in '4' seconds
INFO: [USF-XSim-4] XSim::Simulate design
INFO: [USF-XSim-61] Executing 'SIMULATE' step in 'C:/Users/kibii/OneDrive/Studienkolleg/Vivado/Addierer/Addierer.sim/sim_1/behav/xsim'
INFO: [USF-XSim-98] *** Running xsim
   with args "Adder_tb_behav -key {Behavioral:sim_1:Functional:Adder_tb} -tclbatch {Adder_tb.tcl} -log {simulate.log}"
INFO: [USF-XSim-8] Loading simulator feature
Vivado Simulator 2018.2
Time resolution is 1 ps
source Adder_tb.tcl
# set curr_wave [current_wave_config]
# if { [string length $curr_wave] == 0 } {
#   if { [llength [get_objects]] > 0} {
#     add_wave /
#     set_property needs_save false [current_wave_config]
#   } else {
#      send_msg_id Add_Wave-1 WARNING "No top level signals found. Simulator will start without a wave window. If you want to open a wave window go to 'File->New Waveform Configuration' or type 'create_wave_config' in the TCL console."
#   }
# }
# run 1000ns
INFO: [USF-XSim-96] XSim completed. Design snapshot 'Adder_tb_behav' loaded.
INFO: [USF-XSim-97] XSim simulation ran for 1000ns
launch_simulation: Time (s): cpu = 00:00:05 ; elapsed = 00:00:09 . Memory (MB): peak = 870.145 ; gain = 2.234
close_sim
INFO: [Simtcl 6-16] Simulation closed
set_property -name {xsim.simulate.runtime} -value {10ms} -objects [get_filesets sim_1]
update_ip_catalog
WARNING: [filemgmt 56-199] Attempt to get parsing info during refresh. "On-the-fly" syntax checking information may be incorrect. [C:/Users/kibii/OneDrive/Studienkolleg/Vivado/Addierer/Addierer.srcs/sim_1/new/Adder_tb.v:]
WARNING: [filemgmt 56-199] Attempt to get parsing info during refresh. "On-the-fly" syntax checking information may be incorrect. [C:/Users/kibii/OneDrive/Studienkolleg/Vivado/Addierer/Addierer.srcs/sim_1/new/Halbaddierer_tb.v:]
set_property -name {xsim.simulate.runtime} -value {50ms} -objects [get_filesets sim_1]
update_ip_catalog
launch_simulation
INFO: [Vivado 12-5682] Launching behavioral simulation in 'C:/Users/kibii/OneDrive/Studienkolleg/Vivado/Addierer/Addierer.sim/sim_1/behav/xsim'
INFO: [SIM-utils-51] Simulation object is 'sim_1'
INFO: [SIM-utils-54] Inspecting design source files for 'Adder_tb' in fileset 'sim_1'...
INFO: [USF-XSim-97] Finding global include files...
INFO: [USF-XSim-98] Fetching design files from 'sim_1'...
INFO: [USF-XSim-2] XSim::Compile design
INFO: [USF-XSim-61] Executing 'COMPILE and ANALYZE' step in 'C:/Users/kibii/OneDrive/Studienkolleg/Vivado/Addierer/Addierer.sim/sim_1/behav/xsim'
"xvlog --incr --relax -prj Adder_tb_vlog.prj"
INFO: [VRFC 10-2263] Analyzing Verilog file "C:/Users/kibii/OneDrive/Studienkolleg/Vivado/Addierer/Addierer.srcs/sources_1/new/Adder.v" into library xil_defaultlib
INFO: [VRFC 10-311] analyzing module Adder
INFO: [VRFC 10-2458] undeclared symbol c_out_0, assumed default net type wire [C:/Users/kibii/OneDrive/Studienkolleg/Vivado/Addierer/Addierer.srcs/sources_1/new/Adder.v:32]
INFO: [VRFC 10-2458] undeclared symbol c_out_1, assumed default net type wire [C:/Users/kibii/OneDrive/Studienkolleg/Vivado/Addierer/Addierer.srcs/sources_1/new/Adder.v:33]
INFO: [VRFC 10-2458] undeclared symbol c_out_2, assumed default net type wire [C:/Users/kibii/OneDrive/Studienkolleg/Vivado/Addierer/Addierer.srcs/sources_1/new/Adder.v:34]
INFO: [VRFC 10-2263] Analyzing Verilog file "C:/Users/kibii/OneDrive/Studienkolleg/Vivado/Addierer/Addierer.srcs/sources_1/new/Halbaddierer.v" into library xil_defaultlib
INFO: [VRFC 10-311] analyzing module Halbaddierer
INFO: [VRFC 10-2263] Analyzing Verilog file "C:/Users/kibii/OneDrive/Studienkolleg/Vivado/Addierer/Addierer.srcs/sources_1/new/Volladdierer.v" into library xil_defaultlib
INFO: [VRFC 10-311] analyzing module Volladdierer
INFO: [VRFC 10-2263] Analyzing Verilog file "C:/Users/kibii/OneDrive/Studienkolleg/Vivado/Addierer/Addierer.srcs/sim_1/new/Adder_tb.v" into library xil_defaultlib
INFO: [VRFC 10-311] analyzing module Adder_tb
INFO: [USF-XSim-69] 'compile' step finished in '3' seconds
INFO: [USF-XSim-3] XSim::Elaborate design
INFO: [USF-XSim-61] Executing 'ELABORATE' step in 'C:/Users/kibii/OneDrive/Studienkolleg/Vivado/Addierer/Addierer.sim/sim_1/behav/xsim'
Vivado Simulator 2018.2
Copyright 1986-1999, 2001-2018 Xilinx, Inc. All Rights Reserved.
Running: C:/Xilinx/Vivado/2018.2/bin/unwrapped/win64.o/xelab.exe -wto 2ce4bc399f4443ddb773d1c929abb584 --incr --debug typical --relax --mt 2 -L xil_defaultlib -L unisims_ver -L unimacro_ver -L secureip --snapshot Adder_tb_behav xil_defaultlib.Adder_tb xil_defaultlib.glbl -log elaborate.log 
Using 2 slave threads.
Starting static elaboration
Completed static elaboration
Starting simulation data flow analysis
Completed simulation data flow analysis
Time Resolution for simulation is 1ps
Compiling module xil_defaultlib.Halbaddierer
Compiling module xil_defaultlib.Volladdierer
Compiling module xil_defaultlib.Adder
Compiling module xil_defaultlib.Adder_tb
Compiling module xil_defaultlib.glbl
Built simulation snapshot Adder_tb_behav
INFO: [USF-XSim-69] 'elaborate' step finished in '4' seconds
INFO: [USF-XSim-4] XSim::Simulate design
INFO: [USF-XSim-61] Executing 'SIMULATE' step in 'C:/Users/kibii/OneDrive/Studienkolleg/Vivado/Addierer/Addierer.sim/sim_1/behav/xsim'
INFO: [USF-XSim-98] *** Running xsim
   with args "Adder_tb_behav -key {Behavioral:sim_1:Functional:Adder_tb} -tclbatch {Adder_tb.tcl} -log {simulate.log}"
INFO: [USF-XSim-8] Loading simulator feature
Vivado Simulator 2018.2
Time resolution is 1 ps
source Adder_tb.tcl
# set curr_wave [current_wave_config]
# if { [string length $curr_wave] == 0 } {
#   if { [llength [get_objects]] > 0} {
#     add_wave /
#     set_property needs_save false [current_wave_config]
#   } else {
#      send_msg_id Add_Wave-1 WARNING "No top level signals found. Simulator will start without a wave window. If you want to open a wave window go to 'File->New Waveform Configuration' or type 'create_wave_config' in the TCL console."
#   }
# }
# run 50ms
INFO: [USF-XSim-96] XSim completed. Design snapshot 'Adder_tb_behav' loaded.
INFO: [USF-XSim-97] XSim simulation ran for 50ms
launch_simulation: Time (s): cpu = 00:00:07 ; elapsed = 00:00:10 . Memory (MB): peak = 963.375 ; gain = 7.090
close_sim
INFO: [Simtcl 6-16] Simulation closed
launch_simulation
INFO: [Vivado 12-5682] Launching behavioral simulation in 'C:/Users/kibii/OneDrive/Studienkolleg/Vivado/Addierer/Addierer.sim/sim_1/behav/xsim'
INFO: [SIM-utils-51] Simulation object is 'sim_1'
INFO: [SIM-utils-54] Inspecting design source files for 'Adder_tb' in fileset 'sim_1'...
INFO: [USF-XSim-97] Finding global include files...
INFO: [USF-XSim-98] Fetching design files from 'sim_1'...
INFO: [USF-XSim-2] XSim::Compile design
INFO: [USF-XSim-61] Executing 'COMPILE and ANALYZE' step in 'C:/Users/kibii/OneDrive/Studienkolleg/Vivado/Addierer/Addierer.sim/sim_1/behav/xsim'
"xvlog --incr --relax -prj Adder_tb_vlog.prj"
INFO: [VRFC 10-2263] Analyzing Verilog file "C:/Users/kibii/OneDrive/Studienkolleg/Vivado/Addierer/Addierer.srcs/sources_1/new/Adder.v" into library xil_defaultlib
INFO: [VRFC 10-311] analyzing module Adder
INFO: [VRFC 10-2458] undeclared symbol c_out_0, assumed default net type wire [C:/Users/kibii/OneDrive/Studienkolleg/Vivado/Addierer/Addierer.srcs/sources_1/new/Adder.v:32]
INFO: [VRFC 10-2458] undeclared symbol c_out_1, assumed default net type wire [C:/Users/kibii/OneDrive/Studienkolleg/Vivado/Addierer/Addierer.srcs/sources_1/new/Adder.v:33]
INFO: [VRFC 10-2458] undeclared symbol c_out_2, assumed default net type wire [C:/Users/kibii/OneDrive/Studienkolleg/Vivado/Addierer/Addierer.srcs/sources_1/new/Adder.v:34]
INFO: [VRFC 10-2263] Analyzing Verilog file "C:/Users/kibii/OneDrive/Studienkolleg/Vivado/Addierer/Addierer.srcs/sources_1/new/Halbaddierer.v" into library xil_defaultlib
INFO: [VRFC 10-311] analyzing module Halbaddierer
INFO: [VRFC 10-2263] Analyzing Verilog file "C:/Users/kibii/OneDrive/Studienkolleg/Vivado/Addierer/Addierer.srcs/sources_1/new/Volladdierer.v" into library xil_defaultlib
INFO: [VRFC 10-311] analyzing module Volladdierer
INFO: [VRFC 10-2263] Analyzing Verilog file "C:/Users/kibii/OneDrive/Studienkolleg/Vivado/Addierer/Addierer.srcs/sim_1/new/Adder_tb.v" into library xil_defaultlib
INFO: [VRFC 10-311] analyzing module Adder_tb
INFO: [USF-XSim-69] 'compile' step finished in '3' seconds
INFO: [USF-XSim-3] XSim::Elaborate design
INFO: [USF-XSim-61] Executing 'ELABORATE' step in 'C:/Users/kibii/OneDrive/Studienkolleg/Vivado/Addierer/Addierer.sim/sim_1/behav/xsim'
Vivado Simulator 2018.2
Copyright 1986-1999, 2001-2018 Xilinx, Inc. All Rights Reserved.
Running: C:/Xilinx/Vivado/2018.2/bin/unwrapped/win64.o/xelab.exe -wto 2ce4bc399f4443ddb773d1c929abb584 --incr --debug typical --relax --mt 2 -L xil_defaultlib -L unisims_ver -L unimacro_ver -L secureip --snapshot Adder_tb_behav xil_defaultlib.Adder_tb xil_defaultlib.glbl -log elaborate.log 
Using 2 slave threads.
Starting static elaboration
Completed static elaboration
Starting simulation data flow analysis
Completed simulation data flow analysis
Time Resolution for simulation is 1ps
Compiling module xil_defaultlib.Halbaddierer
Compiling module xil_defaultlib.Volladdierer
Compiling module xil_defaultlib.Adder
Compiling module xil_defaultlib.Adder_tb
Compiling module xil_defaultlib.glbl
Built simulation snapshot Adder_tb_behav
INFO: [USF-XSim-69] 'elaborate' step finished in '3' seconds
INFO: [USF-XSim-4] XSim::Simulate design
INFO: [USF-XSim-61] Executing 'SIMULATE' step in 'C:/Users/kibii/OneDrive/Studienkolleg/Vivado/Addierer/Addierer.sim/sim_1/behav/xsim'
INFO: [USF-XSim-98] *** Running xsim
   with args "Adder_tb_behav -key {Behavioral:sim_1:Functional:Adder_tb} -tclbatch {Adder_tb.tcl} -log {simulate.log}"
INFO: [USF-XSim-8] Loading simulator feature
Vivado Simulator 2018.2
Time resolution is 1 ps
source Adder_tb.tcl
# set curr_wave [current_wave_config]
# if { [string length $curr_wave] == 0 } {
#   if { [llength [get_objects]] > 0} {
#     add_wave /
#     set_property needs_save false [current_wave_config]
#   } else {
#      send_msg_id Add_Wave-1 WARNING "No top level signals found. Simulator will start without a wave window. If you want to open a wave window go to 'File->New Waveform Configuration' or type 'create_wave_config' in the TCL console."
#   }
# }
# run 50ms
INFO: [USF-XSim-96] XSim completed. Design snapshot 'Adder_tb_behav' loaded.
INFO: [USF-XSim-97] XSim simulation ran for 50ms
launch_simulation: Time (s): cpu = 00:00:06 ; elapsed = 00:00:11 . Memory (MB): peak = 964.949 ; gain = 0.727
close_sim
INFO: [Simtcl 6-16] Simulation closed
exit
INFO: [Common 17-206] Exiting Vivado at Wed Jan  6 02:33:24 2021...
