#-----------------------------------------------------------
# Vivado v2018.2 (64-bit)
# SW Build 2258646 on Thu Jun 14 20:03:12 MDT 2018
# IP Build 2256618 on Thu Jun 14 22:10:49 MDT 2018
# Start of session at: Wed Dec 30 21:53:37 2020
# Process ID: 8248
# Current directory: C:/Users/kibii/OneDrive/Studienkolleg/Vivado/Addierer
# Command line: vivado.exe -gui_launcher_event rodinguilauncherevent8956 C:\Users\kibii\OneDrive\Studienkolleg\Vivado\Addierer\Addierer.xpr
# Log file: C:/Users/kibii/OneDrive/Studienkolleg/Vivado/Addierer/vivado.log
# Journal file: C:/Users/kibii/OneDrive/Studienkolleg/Vivado/Addierer\vivado.jou
#-----------------------------------------------------------
start_gui
open_project C:/Users/kibii/OneDrive/Studienkolleg/Vivado/Addierer/Addierer.xpr
Scanning sources...
Finished scanning sources
INFO: [IP_Flow 19-234] Refreshing IP repositories
INFO: [IP_Flow 19-1704] No user IP repositories specified
INFO: [IP_Flow 19-2313] Loaded Vivado IP repository 'C:/Xilinx/Vivado/2018.2/data/ip'.
open_project: Time (s): cpu = 00:00:10 ; elapsed = 00:00:05 . Memory (MB): peak = 730.137 ; gain = 36.391
update_compile_order -fileset sources_1
exit
INFO: [Common 17-206] Exiting Vivado at Wed Dec 30 21:54:19 2020...
