#-----------------------------------------------------------
# Vivado v2018.2 (64-bit)
# SW Build 2258646 on Thu Jun 14 20:03:12 MDT 2018
# IP Build 2256618 on Thu Jun 14 22:10:49 MDT 2018
# Start of session at: Mon Jan  4 03:51:58 2021
# Process ID: 8820
# Current directory: C:/Users/kibii/OneDrive/Studienkolleg/Vivado/Latch_Struktur
# Command line: vivado.exe -gui_launcher_event rodinguilauncherevent3720 C:\Users\kibii\OneDrive\Studienkolleg\Vivado\Latch_Struktur\Latch_Struktur.xpr
# Log file: C:/Users/kibii/OneDrive/Studienkolleg/Vivado/Latch_Struktur/vivado.log
# Journal file: C:/Users/kibii/OneDrive/Studienkolleg/Vivado/Latch_Struktur\vivado.jou
#-----------------------------------------------------------
start_gui
open_project C:/Users/kibii/OneDrive/Studienkolleg/Vivado/Latch_Struktur/Latch_Struktur.xpr
Scanning sources...
Finished scanning sources
INFO: [IP_Flow 19-234] Refreshing IP repositories
INFO: [IP_Flow 19-1704] No user IP repositories specified
INFO: [IP_Flow 19-2313] Loaded Vivado IP repository 'C:/Xilinx/Vivado/2018.2/data/ip'.
open_project: Time (s): cpu = 00:00:26 ; elapsed = 00:00:10 . Memory (MB): peak = 799.504 ; gain = 61.086
update_compile_order -fileset sources_1
exit
INFO: [Common 17-206] Exiting Vivado at Mon Jan  4 03:53:03 2021...
