#-----------------------------------------------------------
# Vivado v2018.2 (64-bit)
# SW Build 2258646 on Thu Jun 14 20:03:12 MDT 2018
# IP Build 2256618 on Thu Jun 14 22:10:49 MDT 2018
# Start of session at: Tue Jan 26 11:12:39 2021
# Process ID: 13752
# Current directory: C:/Users/James Kibii/OneDrive/Dokumente/Vivado/AD_DA_Direct
# Command line: vivado.exe -gui_launcher_event rodinguilauncherevent15524 C:\Users\James Kibii\OneDrive\Dokumente\Vivado\AD_DA_Direct\AD_DA_Direct.xpr
# Log file: C:/Users/James Kibii/OneDrive/Dokumente/Vivado/AD_DA_Direct/vivado.log
# Journal file: C:/Users/James Kibii/OneDrive/Dokumente/Vivado/AD_DA_Direct\vivado.jou
#-----------------------------------------------------------
start_gui
open_project {C:/Users/James Kibii/OneDrive/Dokumente/Vivado/AD_DA_Direct/AD_DA_Direct.xpr}
INFO: [Project 1-313] Project file moved from 'C:/Users/kibii/OneDrive/Studienkolleg/Vivado/AD_DA_Direct' since last save.
Scanning sources...
Finished scanning sources
INFO: [IP_Flow 19-234] Refreshing IP repositories
INFO: [IP_Flow 19-1700] Loaded user IP repository 'c:/Users/James Kibii/OneDrive/Dokumente/Vivado/AD_Converter/AD_Converter.srcs'.
INFO: [IP_Flow 19-1700] Loaded user IP repository 'c:/Users/James Kibii/OneDrive/Dokumente/Vivado/DA_Converter/DA_Converter.srcs'.
INFO: [IP_Flow 19-2313] Loaded Vivado IP repository 'C:/Xilinx/Vivado/2018.2/data/ip'.
WARNING: [IP_Flow 19-3664] IP 'my_AD_DA_Direct_my_AD_Converter_0_0' generated file not found 'c:/Users/James Kibii/OneDrive/Users/kibii/OneDrive/Studienkolleg/Vivado/AD_Converter/AD_Converter.srcs/sources_1/new/my_AD_Converter.v'. Please regenerate to continue.
WARNING: [IP_Flow 19-3664] IP 'my_AD_DA_Direct_my_AD_Converter_0_0' generated file not found 'c:/Users/James Kibii/OneDrive/Users/kibii/OneDrive/Studienkolleg/Vivado/AD_Converter/AD_Converter.srcs/sources_1/new/my_AD_Converter.v'. Please regenerate to continue.
WARNING: [IP_Flow 19-3664] IP 'my_AD_DA_Direct_my_DA_Converter_0_0' generated file not found 'c:/Users/James Kibii/OneDrive/Users/kibii/OneDrive/Studienkolleg/Vivado/DA_Converter/DA_Converter.srcs/sources_1/new/my_DA_Converter.v'. Please regenerate to continue.
WARNING: [IP_Flow 19-3664] IP 'my_AD_DA_Direct_my_DA_Converter_0_0' generated file not found 'c:/Users/James Kibii/OneDrive/Users/kibii/OneDrive/Studienkolleg/Vivado/DA_Converter/DA_Converter.srcs/sources_1/new/my_DA_Converter.v'. Please regenerate to continue.
open_project: Time (s): cpu = 00:00:19 ; elapsed = 00:00:10 . Memory (MB): peak = 897.211 ; gain = 130.477
update_compile_order -fileset sources_1
launch_simulation
INFO: [Vivado 12-5698] Checking validity of IPs in the design for the 'XSim' simulator...
INFO: [Vivado 12-5682] Launching behavioral simulation in 'C:/Users/James Kibii/OneDrive/Dokumente/Vivado/AD_DA_Direct/AD_DA_Direct.sim/sim_1/behav/xsim'
INFO: [Vivado 12-4795] Using compiled simulation libraries for IPs
INFO: [SIM-utils-51] Simulation object is 'sim_1'
INFO: [USF-XSim-7] Finding pre-compiled libraries...
INFO: [USF-XSim-11] File 'C:/Xilinx/Vivado/2018.2/data/xsim/xsim.ini' copied to run dir:'C:/Users/James Kibii/OneDrive/Dokumente/Vivado/AD_DA_Direct/AD_DA_Direct.sim/sim_1/behav/xsim'
INFO: [SIM-utils-54] Inspecting design source files for 'my_AD_DA_Direct_wrapper' in fileset 'sim_1'...
INFO: [USF-XSim-97] Finding global include files...
INFO: [USF-XSim-98] Fetching design files from 'sim_1'...
INFO: [USF-XSim-2] XSim::Compile design
INFO: [USF-XSim-61] Executing 'COMPILE and ANALYZE' step in 'C:/Users/James Kibii/OneDrive/Dokumente/Vivado/AD_DA_Direct/AD_DA_Direct.sim/sim_1/behav/xsim'
"xvlog --incr --relax -L smartconnect_v1_0 -L axi_protocol_checker_v2_0_3 -L axi_vip_v1_1_3 -L processing_system7_vip_v1_0_5 -L xilinx_vip -prj my_AD_DA_Direct_wrapper_vlog.prj"
ERROR: [XSIM 43-4316] Can not find file: c:/Users/James Kibii/OneDrive/Users/kibii/OneDrive/Studienkolleg/Vivado/AD_Converter/AD_Converter.srcs/sources_1/new/my_AD_Converter.v
INFO: [USF-XSim-69] 'compile' step finished in '2' seconds
INFO: [USF-XSim-99] Step results log file:'C:/Users/James Kibii/OneDrive/Dokumente/Vivado/AD_DA_Direct/AD_DA_Direct.sim/sim_1/behav/xsim/xvlog.log'
ERROR: [USF-XSim-62] 'compile' step failed with error(s). Please check the Tcl console output or 'C:/Users/James Kibii/OneDrive/Dokumente/Vivado/AD_DA_Direct/AD_DA_Direct.sim/sim_1/behav/xsim/xvlog.log' file for more information.
ERROR: [Vivado 12-4473] Detected error while running simulation. Please correct the issue and retry this operation.
ERROR: [Common 17-39] 'launch_simulation' failed due to earlier errors.
reset_run my_AD_DA_Direct_my_DA_Converter_0_0_synth_1
reset_run my_AD_DA_Direct_my_AD_Converter_0_0_synth_1
reset_run synth_1
launch_runs synth_1 -jobs 4
INFO: [IP_Flow 19-4993] Using cached IP synthesis design for IP my_AD_DA_Direct_my_AD_Converter_0_0, cache-ID = 1a8a4feae36d9e6f; cache size = 0.864 MB.
INFO: [IP_Flow 19-4993] Using cached IP synthesis design for IP my_AD_DA_Direct_my_DA_Converter_0_0, cache-ID = 7346f178b9fd5cdb; cache size = 0.864 MB.
[Tue Jan 26 11:13:53 2021] Launched my_AD_DA_Direct_my_DA_Converter_0_0_synth_1, my_AD_DA_Direct_my_AD_Converter_0_0_synth_1...
Run output will be captured here:
my_AD_DA_Direct_my_DA_Converter_0_0_synth_1: C:/Users/James Kibii/OneDrive/Dokumente/Vivado/AD_DA_Direct/AD_DA_Direct.runs/my_AD_DA_Direct_my_DA_Converter_0_0_synth_1/runme.log
my_AD_DA_Direct_my_AD_Converter_0_0_synth_1: C:/Users/James Kibii/OneDrive/Dokumente/Vivado/AD_DA_Direct/AD_DA_Direct.runs/my_AD_DA_Direct_my_AD_Converter_0_0_synth_1/runme.log
[Tue Jan 26 11:13:53 2021] Launched synth_1...
Run output will be captured here: C:/Users/James Kibii/OneDrive/Dokumente/Vivado/AD_DA_Direct/AD_DA_Direct.runs/synth_1/runme.log
launch_runs impl_1 -jobs 4
INFO: [IP_Flow 19-4993] Using cached IP synthesis design for IP my_AD_DA_Direct_my_AD_Converter_0_0, cache-ID = 1a8a4feae36d9e6f; cache size = 0.864 MB.
INFO: [IP_Flow 19-4993] Using cached IP synthesis design for IP my_AD_DA_Direct_my_DA_Converter_0_0, cache-ID = 7346f178b9fd5cdb; cache size = 0.864 MB.
[Tue Jan 26 11:15:08 2021] Launched my_AD_DA_Direct_my_DA_Converter_0_0_synth_1, my_AD_DA_Direct_my_AD_Converter_0_0_synth_1...
Run output will be captured here:
my_AD_DA_Direct_my_DA_Converter_0_0_synth_1: C:/Users/James Kibii/OneDrive/Dokumente/Vivado/AD_DA_Direct/AD_DA_Direct.runs/my_AD_DA_Direct_my_DA_Converter_0_0_synth_1/runme.log
my_AD_DA_Direct_my_AD_Converter_0_0_synth_1: C:/Users/James Kibii/OneDrive/Dokumente/Vivado/AD_DA_Direct/AD_DA_Direct.runs/my_AD_DA_Direct_my_AD_Converter_0_0_synth_1/runme.log
[Tue Jan 26 11:15:08 2021] Launched impl_1...
Run output will be captured here: C:/Users/James Kibii/OneDrive/Dokumente/Vivado/AD_DA_Direct/AD_DA_Direct.runs/impl_1/runme.log
open_run impl_1
INFO: [Netlist 29-17] Analyzing 48 Unisim elements for replacement
INFO: [Netlist 29-28] Unisim Transformation completed in 0 CPU seconds
INFO: [Project 1-479] Netlist was created with Vivado 2018.2
INFO: [Device 21-403] Loading part xc7z010clg400-1
INFO: [Project 1-570] Preparing netlist for logic optimization
INFO: [Timing 38-478] Restoring timing data from binary archive.
INFO: [Timing 38-479] Binary timing data restore complete.
INFO: [Project 1-856] Restoring constraints from binary archive.
INFO: [Project 1-853] Binary constraint restore complete.
Reading XDEF placement.
Reading placer database...
Reading XDEF routing.
Read XDEF File: Time (s): cpu = 00:00:00 ; elapsed = 00:00:00.393 . Memory (MB): peak = 1731.520 ; gain = 0.000
Restored from archive | CPU: 0.000000 secs | Memory: 0.000000 MB |
Finished XDEF File Restore: Time (s): cpu = 00:00:00 ; elapsed = 00:00:00.394 . Memory (MB): peak = 1731.520 ; gain = 0.000
INFO: [Project 1-111] Unisim Transformation Summary:
No Unisim elements were transformed.

open_run: Time (s): cpu = 00:00:30 ; elapsed = 00:00:26 . Memory (MB): peak = 1830.594 ; gain = 893.004
CRITICAL WARNING: [Timing 38-282] The design failed to meet the timing requirements. Please see the timing summary report for details on the timing violations.
close_design
launch_simulation
INFO: [Vivado 12-5698] Checking validity of IPs in the design for the 'XSim' simulator...
INFO: [Vivado 12-5682] Launching behavioral simulation in 'C:/Users/James Kibii/OneDrive/Dokumente/Vivado/AD_DA_Direct/AD_DA_Direct.sim/sim_1/behav/xsim'
INFO: [Vivado 12-4795] Using compiled simulation libraries for IPs
INFO: [SIM-utils-51] Simulation object is 'sim_1'
INFO: [USF-XSim-7] Finding pre-compiled libraries...
INFO: [USF-XSim-11] File 'C:/Xilinx/Vivado/2018.2/data/xsim/xsim.ini' copied to run dir:'C:/Users/James Kibii/OneDrive/Dokumente/Vivado/AD_DA_Direct/AD_DA_Direct.sim/sim_1/behav/xsim'
INFO: [SIM-utils-54] Inspecting design source files for 'my_AD_DA_Direct_wrapper' in fileset 'sim_1'...
INFO: [USF-XSim-97] Finding global include files...
INFO: [USF-XSim-98] Fetching design files from 'sim_1'...
INFO: [USF-XSim-2] XSim::Compile design
INFO: [USF-XSim-61] Executing 'COMPILE and ANALYZE' step in 'C:/Users/James Kibii/OneDrive/Dokumente/Vivado/AD_DA_Direct/AD_DA_Direct.sim/sim_1/behav/xsim'
"xvlog --incr --relax -L smartconnect_v1_0 -L axi_protocol_checker_v2_0_3 -L axi_vip_v1_1_3 -L processing_system7_vip_v1_0_5 -L xilinx_vip -prj my_AD_DA_Direct_wrapper_vlog.prj"
ERROR: [XSIM 43-4316] Can not find file: c:/Users/James Kibii/OneDrive/Users/kibii/OneDrive/Studienkolleg/Vivado/AD_Converter/AD_Converter.srcs/sources_1/new/my_AD_Converter.v
INFO: [USF-XSim-69] 'compile' step finished in '2' seconds
INFO: [USF-XSim-99] Step results log file:'C:/Users/James Kibii/OneDrive/Dokumente/Vivado/AD_DA_Direct/AD_DA_Direct.sim/sim_1/behav/xsim/xvlog.log'
ERROR: [USF-XSim-62] 'compile' step failed with error(s). Please check the Tcl console output or 'C:/Users/James Kibii/OneDrive/Dokumente/Vivado/AD_DA_Direct/AD_DA_Direct.sim/sim_1/behav/xsim/xvlog.log' file for more information.
ERROR: [Vivado 12-4473] Detected error while running simulation. Please correct the issue and retry this operation.
ERROR: [Common 17-39] 'launch_simulation' failed due to earlier errors.
generate_target all [get_files  {{C:/Users/James Kibii/OneDrive/Dokumente/Vivado/AD_DA_Direct/AD_DA_Direct.srcs/sources_1/bd/my_AD_DA_Direct/my_AD_DA_Direct.bd}}]
WARNING: [BD 41-1731] Type mismatch between connected pins: /processing_system7_0/FCLK_RESET0_N(rst) and /my_DA_Converter_0/rstn_i(undef)
INFO: [BD 41-1029] Generation completed for the IP Integrator block processing_system7_0 .
CRITICAL WARNING: [IP_Flow 19-663] Failed to copy file 'c:/Users/kibii/OneDrive/Studienkolleg/Vivado/AD_Converter/AD_Converter.srcs/sources_1/new/my_AD_Converter.v', it does not exist.
CRITICAL WARNING: [IP_Flow 19-157] Failed to copy file from 'c:/Users/kibii/OneDrive/Studienkolleg/Vivado/AD_Converter/AD_Converter.srcs/sources_1/new/my_AD_Converter.v' to 'c:/Users/James Kibii/OneDrive/Users/kibii/OneDrive/Studienkolleg/Vivado/AD_Converter/AD_Converter.srcs/sources_1/new/my_AD_Converter.v'.
ERROR: [IP_Flow 19-167] Failed to deliver one or more file(s).
ERROR: [IP_Flow 19-3505] IP Generation error: Failed to generate IP 'my_AD_Converter_0'. Failed to generate 'Synthesis' outputs: 
ERROR: [IP_Flow 19-98] Generation of the IP CORE failed.
Failed to generate IP 'my_AD_Converter_0'. Failed to generate 'Synthesis' outputs: 
ERROR: [BD 41-1030] Generation failed for the IP Integrator block my_AD_Converter_0 
CRITICAL WARNING: [IP_Flow 19-663] Failed to copy file 'c:/Users/kibii/OneDrive/Studienkolleg/Vivado/DA_Converter/DA_Converter.srcs/sources_1/new/my_DA_Converter.v', it does not exist.
CRITICAL WARNING: [IP_Flow 19-157] Failed to copy file from 'c:/Users/kibii/OneDrive/Studienkolleg/Vivado/DA_Converter/DA_Converter.srcs/sources_1/new/my_DA_Converter.v' to 'c:/Users/James Kibii/OneDrive/Users/kibii/OneDrive/Studienkolleg/Vivado/DA_Converter/DA_Converter.srcs/sources_1/new/my_DA_Converter.v'.
ERROR: [IP_Flow 19-167] Failed to deliver one or more file(s).
ERROR: [IP_Flow 19-3505] IP Generation error: Failed to generate IP 'my_DA_Converter_0'. Failed to generate 'Synthesis' outputs: 
ERROR: [IP_Flow 19-98] Generation of the IP CORE failed.
Failed to generate IP 'my_DA_Converter_0'. Failed to generate 'Synthesis' outputs: 
ERROR: [BD 41-1030] Generation failed for the IP Integrator block my_DA_Converter_0 
ERROR: [Common 17-39] 'generate_target' failed due to earlier errors.
exit
INFO: [Common 17-206] Exiting Vivado at Tue Jan 26 11:19:33 2021...
