#-----------------------------------------------------------
# Vivado v2018.2 (64-bit)
# SW Build 2258646 on Thu Jun 14 20:03:12 MDT 2018
# IP Build 2256618 on Thu Jun 14 22:10:49 MDT 2018
# Start of session at: Sun Jan 24 17:33:59 2021
# Process ID: 5436
# Current directory: C:/Users/kibii/OneDrive/Studienkolleg/Vivado/AD_DA_Direct
# Command line: vivado.exe -gui_launcher_event rodinguilauncherevent9260 C:\Users\kibii\OneDrive\Studienkolleg\Vivado\AD_DA_Direct\AD_DA_Direct.xpr
# Log file: C:/Users/kibii/OneDrive/Studienkolleg/Vivado/AD_DA_Direct/vivado.log
# Journal file: C:/Users/kibii/OneDrive/Studienkolleg/Vivado/AD_DA_Direct\vivado.jou
#-----------------------------------------------------------
start_gui
open_project C:/Users/kibii/OneDrive/Studienkolleg/Vivado/AD_DA_Direct/AD_DA_Direct.xpr
Scanning sources...
Finished scanning sources
INFO: [IP_Flow 19-234] Refreshing IP repositories
INFO: [IP_Flow 19-1700] Loaded user IP repository 'c:/Users/kibii/OneDrive/Studienkolleg/Vivado/AD_Converter/AD_Converter.srcs'.
INFO: [IP_Flow 19-1700] Loaded user IP repository 'c:/Users/kibii/OneDrive/Studienkolleg/Vivado/DA_Converter/DA_Converter.srcs'.
INFO: [IP_Flow 19-2313] Loaded Vivado IP repository 'C:/Xilinx/Vivado/2018.2/data/ip'.
open_project: Time (s): cpu = 00:00:22 ; elapsed = 00:00:11 . Memory (MB): peak = 889.273 ; gain = 114.699
update_compile_order -fileset sources_1
open_bd_design {C:/Users/kibii/OneDrive/Studienkolleg/Vivado/AD_DA_Direct/AD_DA_Direct.srcs/sources_1/bd/my_AD_DA_Direct/my_AD_DA_Direct.bd}
Adding cell -- xilinx.com:ip:processing_system7:5.5 - processing_system7_0
Adding cell -- xilinx.com:user:my_AD_Converter:1.0 - my_AD_Converter_0
Adding cell -- xilinx.com:user:my_DA_Converter:1.0 - my_DA_Converter_0
WARNING: [BD 41-1731] Type mismatch between connected pins: /processing_system7_0/FCLK_RESET0_N(rst) and /my_DA_Converter_0/rstn_i(undef)
Successfully read diagram <my_AD_DA_Direct> from BD file <C:/Users/kibii/OneDrive/Studienkolleg/Vivado/AD_DA_Direct/AD_DA_Direct.srcs/sources_1/bd/my_AD_DA_Direct/my_AD_DA_Direct.bd>
exit
INFO: [Common 17-206] Exiting Vivado at Sun Jan 24 17:43:54 2021...
