#-----------------------------------------------------------
# Vivado v2018.2 (64-bit)
# SW Build 2258646 on Thu Jun 14 20:03:12 MDT 2018
# IP Build 2256618 on Thu Jun 14 22:10:49 MDT 2018
# Start of session at: Sun Jan 31 05:55:27 2021
# Process ID: 3420
# Current directory: C:/Users/James Kibii/OneDrive/Dokumente/Vivado/AD_DA_Direct
# Command line: vivado.exe -gui_launcher_event rodinguilauncherevent1872 C:\Users\James Kibii\OneDrive\Dokumente\Vivado\AD_DA_Direct\AD_DA_Direct.xpr
# Log file: C:/Users/James Kibii/OneDrive/Dokumente/Vivado/AD_DA_Direct/vivado.log
# Journal file: C:/Users/James Kibii/OneDrive/Dokumente/Vivado/AD_DA_Direct\vivado.jou
#-----------------------------------------------------------
start_gui
open_project {C:/Users/James Kibii/OneDrive/Dokumente/Vivado/AD_DA_Direct/AD_DA_Direct.xpr}
Scanning sources...
Finished scanning sources
INFO: [IP_Flow 19-234] Refreshing IP repositories
INFO: [IP_Flow 19-1700] Loaded user IP repository 'c:/Users/James Kibii/OneDrive/Dokumente/Vivado/AD_Converter/AD_Converter.srcs'.
INFO: [IP_Flow 19-1700] Loaded user IP repository 'c:/Users/James Kibii/OneDrive/Dokumente/Vivado/DA_Converter/DA_Converter.srcs'.
INFO: [IP_Flow 19-2313] Loaded Vivado IP repository 'C:/Xilinx/Vivado/2018.2/data/ip'.
WARNING: [IP_Flow 19-3664] IP 'my_AD_DA_Direct_my_AD_Converter_0_0' generated file not found 'c:/Users/James Kibii/OneDrive/Users/kibii/OneDrive/Studienkolleg/Vivado/AD_Converter/AD_Converter.srcs/sources_1/new/my_AD_Converter.v'. Please regenerate to continue.
WARNING: [IP_Flow 19-3664] IP 'my_AD_DA_Direct_my_DA_Converter_0_0' generated file not found 'c:/Users/James Kibii/OneDrive/Users/kibii/OneDrive/Studienkolleg/Vivado/DA_Converter/DA_Converter.srcs/sources_1/new/my_DA_Converter.v'. Please regenerate to continue.
open_project: Time (s): cpu = 00:00:20 ; elapsed = 00:00:10 . Memory (MB): peak = 883.508 ; gain = 144.164
update_compile_order -fileset sources_1
open_bd_design {C:/Users/James Kibii/OneDrive/Dokumente/Vivado/AD_DA_Direct/AD_DA_Direct.srcs/sources_1/bd/my_AD_DA_Direct/my_AD_DA_Direct.bd}
Adding cell -- xilinx.com:ip:processing_system7:5.5 - processing_system7_0
Adding cell -- xilinx.com:user:my_AD_Converter:1.0 - my_AD_Converter_0
Adding cell -- xilinx.com:user:my_DA_Converter:1.0 - my_DA_Converter_0
WARNING: [BD 41-1731] Type mismatch between connected pins: /processing_system7_0/FCLK_RESET0_N(rst) and /my_DA_Converter_0/rstn_i(undef)
Successfully read diagram <my_AD_DA_Direct> from BD file <C:/Users/James Kibii/OneDrive/Dokumente/Vivado/AD_DA_Direct/AD_DA_Direct.srcs/sources_1/bd/my_AD_DA_Direct/my_AD_DA_Direct.bd>
exit
INFO: [Common 17-206] Exiting Vivado at Sun Jan 31 05:56:20 2021...
