#-----------------------------------------------------------
# Vivado v2018.2 (64-bit)
# SW Build 2258646 on Thu Jun 14 20:03:12 MDT 2018
# IP Build 2256618 on Thu Jun 14 22:10:49 MDT 2018
# Start of session at: Wed Nov 11 23:53:48 2020
# Process ID: 2200
# Current directory: C:/Users/kibii/OneDrive/Studienkolleg/Vivado/Latch_Struktur_2
# Command line: vivado.exe -gui_launcher_event rodinguilauncherevent11732 C:\Users\kibii\OneDrive\Studienkolleg\Vivado\Latch_Struktur_2\Latch_Struktur_2.xpr
# Log file: C:/Users/kibii/OneDrive/Studienkolleg/Vivado/Latch_Struktur_2/vivado.log
# Journal file: C:/Users/kibii/OneDrive/Studienkolleg/Vivado/Latch_Struktur_2\vivado.jou
#-----------------------------------------------------------
start_gui
open_project C:/Users/kibii/OneDrive/Studienkolleg/Vivado/Latch_Struktur_2/Latch_Struktur_2.xpr
Scanning sources...
Finished scanning sources
INFO: [IP_Flow 19-234] Refreshing IP repositories
INFO: [IP_Flow 19-1704] No user IP repositories specified
INFO: [IP_Flow 19-2313] Loaded Vivado IP repository 'C:/Xilinx/Vivado/2018.2/data/ip'.
open_project: Time (s): cpu = 00:00:19 ; elapsed = 00:00:08 . Memory (MB): peak = 800.531 ; gain = 56.664
update_compile_order -fileset sources_1exit
INFO: [Common 17-206] Exiting Vivado at Thu Nov 12 00:03:26 2020...
 in 'C:/Users/kibii/OneDrive/Studienkolleg/Vivado/Latch_Struktur_2/Latch_Struktur_2.sim/sim_1/behav/xsim'
INFO: [SIM-utils-51] Simulation object is 'sim_1'
INFO: [SIM-utils-54] Inspecting design source files for 'MS_FlipFlop_tb' in fileset 'sim_1'...
INFO: [USF-XSim-97] Finding global include files...
INFO: [USF-XSim-98] Fetching design files from 'sim_1'...
INFO: [USF-XSim-2] XSim::Compile design
INFO: [USF-XSim-61] Executing 'COMPILE and ANALYZE' step in 'C:/Users/kibii/OneDrive/Studienkolleg/Vivado/Latch_Struktur_2/Latch_Struktur_2.sim/sim_1/behav/xsim'
"xvlog --incr --relax -prj MS_FlipFlop_tb_vlog.prj"
INFO: [USF-XSim-69] 'compile' step finished in '3' seconds
INFO: [USF-XSim-3] XSim::Elaborate design
INFO: [USF-XSim-61] Executing 'ELABORATE' step in 'C:/Users/kibii/OneDrive/Studienkolleg/Vivado/Latch_Struktur_2/Latch_Struktur_2.sim/sim_1/behav/xsim'
Vivado Simulator 2018.2
Copyright 1986-1999, 2001-2018 Xilinx, Inc. All Rights Reserved.
Running: C:/Xilinx/Vivado/2018.2/bin/unwrapped/win64.o/xelab.exe -wto fc9b1257736f4de0ad8dca54c387ba84 --incr --debug typical --relax --mt 2 -L xil_defaultlib -L unisims_ver -L unimacro_ver -L secureip --snapshot MS_FlipFlop_tb_behav xil_defaultlib.MS_FlipFlop_tb xil_defaultlib.glbl -log elaborate.log 
Using 2 slave threads.
Starting static elaboration
Completed static elaboration
INFO: [XSIM 43-4323] No Change in HDL. Linking previously generated obj files to create kernel
INFO: [USF-XSim-69] 'elaborate' step finished in '4' seconds
INFO: [USF-XSim-4] XSim::Simulate design
INFO: [USF-XSim-61] Executing 'SIMULATE' step in 'C:/Users/kibii/OneDrive/Studienkolleg/Vivado/Latch_Struktur_2/Latch_Struktur_2.sim/sim_1/behav/xsim'
INFO: [USF-XSim-98] *** Running xsim
   with args "MS_FlipFlop_tb_behav -key {Behavioral:sim_1:Functional:MS_FlipFlop_tb} -tclbatch {MS_FlipFlop_tb.tcl} -log {simulate.log}"
INFO: [USF-XSim-8] Loading simulator feature
Vivado Simulator 2018.2
Time resolution is 1 ps
source MS_FlipFlop_tb.tcl
# set curr_wave [current_wave_config]
# if { [string length $curr_wave] == 0 } {
#   if { [llength [get_objects]] > 0} {
#     add_wave /
#     set_property needs_save false [current_wave_config]
#   } else {
#      send_msg_id Add_Wave-1 WARNING "No top level signals found. Simulator will start without a wave window. If you want to open a wave window go to 'File->New Waveform Configuration' or type 'create_wave_config' in the TCL console."
#   }
# }
# run 1000ns
INFO: [USF-XSim-96] XSim completed. Design snapshot 'MS_FlipFlop_tb_behav' loaded.
INFO: [USF-XSim-97] XSim simulation ran for 1000ns
launch_simulation: Time (s): cpu = 00:00:12 ; elapsed = 00:00:13 . Memory (MB): peak = 837.156 ; gain = 11.313
$display
can't read "display": no such variable
$monitor
can't read "monitor": no such variable
close_sim
INFO: [Simtcl 6-16] Simulation closed
close_project
create_project Addierer C:/Users/kibii/OneDrive/Studienkolleg/Vivado/Addierer -part xc7z010clg400-1
INFO: [IP_Flow 19-234] Refreshing IP repositories
INFO: [IP_Flow 19-1704] No user IP repositories specified
INFO: [IP_Flow 19-2313] Loaded Vivado IP repository 'C:/Xilinx/Vivado/2018.2/data/ip'.
create_project: Time (s): cpu = 00:00:11 ; elapsed = 00:00:07 . Memory (MB): peak = 874.863 ; gain = 0.375
file mkdir C:/Users/kibii/OneDrive/Studienkolleg/Vivado/Addierer/Addierer.srcs/sources_1/new
close [ open C:/Users/kibii/OneDrive/Studienkolleg/Vivado/Addierer/Addierer.srcs/sources_1/new/Halbaddierer.v w ]
add_files C:/Users/kibii/OneDrive/Studienkolleg/Vivado/Addierer/Addierer.srcs/sources_1/new/Halbaddierer.v
update_compile_order -fileset sources_1
file mkdir C:/Users/kibii/OneDrive/Studienkolleg/Vivado/Addierer/Addierer.srcs/sim_1/new
set_property SOURCE_SET sources_1 [get_filesets sim_1]
close [ open C:/Users/kibii/OneDrive/Studienkolleg/Vivado/Addierer/Addierer.srcs/sim_1/new/Halbaddierer_tb.v w ]
add_files -fileset sim_1 C:/Users/kibii/OneDrive/Studienkolleg/Vivado/Addierer/Addierer.srcs/sim_1/new/Halbaddierer_tb.v
update_compile_order -fileset sim_1
exit
INFO: [Common 17-206] Exiting Vivado at Thu Nov 12 00:22:25 2020...
