#-----------------------------------------------------------
# Vivado v2018.2 (64-bit)
# SW Build 2258646 on Thu Jun 14 20:03:12 MDT 2018
# IP Build 2256618 on Thu Jun 14 22:10:49 MDT 2018
# Start of session at: Wed Jan  6 01:40:10 2021
# Process ID: 9160
# Current directory: C:/Users/kibii/OneDrive/Studienkolleg/Vivado/Flip-Flop_Verhaltsbasiert
# Command line: vivado.exe -gui_launcher_event rodinguilauncherevent12468 C:\Users\kibii\OneDrive\Studienkolleg\Vivado\Flip-Flop_Verhaltsbasiert\Flip-Flop_Verhaltsbasiert.xpr
# Log file: C:/Users/kibii/OneDrive/Studienkolleg/Vivado/Flip-Flop_Verhaltsbasiert/vivado.log
# Journal file: C:/Users/kibii/OneDrive/Studienkolleg/Vivado/Flip-Flop_Verhaltsbasiert\vivado.jou
#-----------------------------------------------------------
start_gui
open_project C:/Users/kibii/OneDrive/Studienkolleg/Vivado/Flip-Flop_Verhaltsbasiert/Flip-Flop_Verhaltsbasiert.xpr
Scanning sources...
Finished scanning sources
INFO: [IP_Flow 19-234] Refreshing IP repositories
INFO: [IP_Flow 19-1704] No user IP repositories specified
INFO: [IP_Flow 19-2313] Loaded Vivado IP repository 'C:/Xilinx/Vivado/2018.2/data/ip'.
open_project: Time (s): cpu = 00:00:27 ; elapsed = 00:00:11 . Memory (MB): peak = 812.836 ; gain = 82.785
update_compile_order -fileset sources_1
exit
INFO: [Common 17-206] Exiting Vivado at Wed Jan  6 01:41:09 2021...
