#-----------------------------------------------------------
# Vivado v2018.2 (64-bit)
# SW Build 2258646 on Thu Jun 14 20:03:12 MDT 2018
# IP Build 2256618 on Thu Jun 14 22:10:49 MDT 2018
# Start of session at: Wed Feb  3 03:19:40 2021
# Process ID: 10168
# Current directory: C:/Users/James Kibii/OneDrive/Dokumente/Vivado/DA_Converter
# Command line: vivado.exe -gui_launcher_event rodinguilauncherevent8664 C:\Users\James Kibii\OneDrive\Dokumente\Vivado\DA_Converter\DA_Converter.xpr
# Log file: C:/Users/James Kibii/OneDrive/Dokumente/Vivado/DA_Converter/vivado.log
# Journal file: C:/Users/James Kibii/OneDrive/Dokumente/Vivado/DA_Converter\vivado.jou
#-----------------------------------------------------------
start_gui
open_project {C:/Users/James Kibii/OneDrive/Dokumente/Vivado/DA_Converter/DA_Converter.xpr}
INFO: [Project 1-313] Project file moved from 'C:/Users/kibii/OneDrive/Studienkolleg/Vivado/DA_Converter' since last save.
Scanning sources...
Finished scanning sources
INFO: [IP_Flow 19-234] Refreshing IP repositories
INFO: [IP_Flow 19-1704] No user IP repositories specified
INFO: [IP_Flow 19-2313] Loaded Vivado IP repository 'C:/Xilinx/Vivado/2018.2/data/ip'.
open_project: Time (s): cpu = 00:00:22 ; elapsed = 00:00:10 . Memory (MB): peak = 859.309 ; gain = 121.688
update_compile_order -fileset sources_1
exit
INFO: [Common 17-206] Exiting Vivado at Wed Feb  3 05:02:17 2021...
