#-----------------------------------------------------------
# Vivado v2018.2 (64-bit)
# SW Build 2258646 on Thu Jun 14 20:03:12 MDT 2018
# IP Build 2256618 on Thu Jun 14 22:10:49 MDT 2018
# Start of session at: Thu Dec 31 13:27:19 2020
# Process ID: 2152
# Current directory: C:/Users/kibii/OneDrive/Studienkolleg/Vivado/DA_Converter
# Command line: vivado.exe -gui_launcher_event rodinguilauncherevent4980 C:\Users\kibii\OneDrive\Studienkolleg\Vivado\DA_Converter\DA_Converter.xpr
# Log file: C:/Users/kibii/OneDrive/Studienkolleg/Vivado/DA_Converter/vivado.log
# Journal file: C:/Users/kibii/OneDrive/Studienkolleg/Vivado/DA_Converter\vivado.jou
#-----------------------------------------------------------
start_gui
open_project C:/Users/kibii/OneDrive/Studienkolleg/Vivado/DA_Converter/DA_Converter.xpr
Scanning sources...
Finished scanning sources
INFO: [IP_Flow 19-234] Refreshing IP repositories
INFO: [IP_Flow 19-1704] No user IP repositories specified
INFO: [IP_Flow 19-2313] Loaded Vivado IP repository 'C:/Xilinx/Vivado/2018.2/data/ip'.
open_project: Time (s): cpu = 00:00:14 ; elapsed = 00:00:06 . Memory (MB): peak = 767.977 ; gain = 51.934
update_compile_order -fileset sources_1
exit
INFO: [Common 17-206] Exiting Vivado at Thu Dec 31 13:28:09 2020...
