#-----------------------------------------------------------
# Vivado v2018.2 (64-bit)
# SW Build 2258646 on Thu Jun 14 20:03:12 MDT 2018
# IP Build 2256618 on Thu Jun 14 22:10:49 MDT 2018
# Start of session at: Sat Jan 23 12:04:20 2021
# Process ID: 13332
# Current directory: C:/Users/kibii/OneDrive/Studienkolleg/Vivado/DA_Converter
# Command line: vivado.exe -gui_launcher_event rodinguilauncherevent8304 C:\Users\kibii\OneDrive\Studienkolleg\Vivado\DA_Converter\DA_Converter.xpr
# Log file: C:/Users/kibii/OneDrive/Studienkolleg/Vivado/DA_Converter/vivado.log
# Journal file: C:/Users/kibii/OneDrive/Studienkolleg/Vivado/DA_Converter\vivado.jou
#-----------------------------------------------------------
start_gui
open_project C:/Users/kibii/OneDrive/Studienkolleg/Vivado/DA_Converter/DA_Converter.xpr
Scanning sources...
Finished scanning sources
INFO: [IP_Flow 19-234] Refreshing IP repositories
INFO: [IP_Flow 19-1704] No user IP repositories specified
INFO: [IP_Flow 19-2313] Loaded Vivado IP repository 'C:/Xilinx/Vivado/2018.2/data/ip'.
open_project: Time (s): cpu = 00:00:13 ; elapsed = 00:00:07 . Memory (MB): peak = 782.121 ; gain = 107.953
update_compile_order -fileset sources_1
exit
INFO: [Common 17-206] Exiting Vivado at Sat Jan 23 12:06:20 2021...
